salloc -N 1 --ntasks-per-node=2

task 0 has started...
Beginning latency timing test. Number of reps = 1000.
***************************************************
Rep#       T1               T2            deltaT
   1  1566989605.75305390  1566989605.75305891  0.00000501
   2  1566989605.75306892  1566989605.75307059  0.00000167
   3  1566989605.75307322  1566989605.75307417  0.00000095
   4  1566989605.75307679  1566989605.75307798  0.00000119
   5  1566989605.75308037  1566989605.75308156  0.00000119
   6  1566989605.75308371  1566989605.75308490  0.00000119
   7  1566989605.75308728  1566989605.75308871  0.00000143
   8  1566989605.75309086  1566989605.75309205  0.00000119
   9  1566989605.75309420  1566989605.75309587  0.00000167
  10  1566989605.75309801  1566989605.75309920  0.00000119
  11  1566989605.75310159  1566989605.75310278  0.00000119
  12  1566989605.75310493  1566989605.75310612  0.00000119
  13  1566989605.75310826  1566989605.75310969  0.00000143
  14  1566989605.75311184  1566989605.75311303  0.00000119
  15  1566989605.75311542  1566989605.75311661  0.00000119
  16  1566989605.75311875  1566989605.75312018  0.00000143
  17  1566989605.75312257  1566989605.75312376  0.00000119
  18  1566989605.75312591  1566989605.75312710  0.00000119
  19  1566989605.75312948  1566989605.75313091  0.00000143
  20  1566989605.75313306  1566989605.75313449  0.00000143
  21  1566989605.75313663  1566989605.75313783  0.00000119
  22  1566989605.75313997  1566989605.75314140  0.00000143
  23  1566989605.75314355  1566989605.75314474  0.00000119
  24  1566989605.75314713  1566989605.75314832  0.00000119
  25  1566989605.75315070  1566989605.75315189  0.00000119
  26  1566989605.75315404  1566989605.75315523  0.00000119
  27  1566989605.75315762  1566989605.75315881  0.00000119
  28  1566989605.75316095  1566989605.75316238  0.00000143
  29  1566989605.75316453  1566989605.75316572  0.00000119
  30  1566989605.75316811  1566989605.75316954  0.00000143
  31  1566989605.75317168  1566989605.75317287  0.00000119
  32  1566989605.75317526  1566989605.75317645  0.00000119
  33  1566989605.75317883  1566989605.75318003  0.00000119
  34  1566989605.75318241  1566989605.75318336  0.00000095
  35  1566989605.75318575  1566989605.75318694  0.00000119
  36  1566989605.75318933  1566989605.75319052  0.00000119
  37  1566989605.75319266  1566989605.75319386  0.00000119
  38  1566989605.75319624  1566989605.75319743  0.00000119
  39  1566989605.75319982  1566989605.75320101  0.00000119
  40  1566989605.75320315  1566989605.75320435  0.00000119
  41  1566989605.75320673  1566989605.75320792  0.00000119
  42  1566989605.75321007  1566989605.75321126  0.00000119
  43  1566989605.75321364  1566989605.75321484  0.00000119
  44  1566989605.75321698  1566989605.75321817  0.00000119
  45  1566989605.75322056  1566989605.75322175  0.00000119
  46  1566989605.75322413  1566989605.75322533  0.00000119
  47  1566989605.75322747  1566989605.75322890  0.00000143
  48  1566989605.75323105  1566989605.75323248  0.00000143
  49  1566989605.75323462  1566989605.75323582  0.00000119
  50  1566989605.75323796  1566989605.75323939  0.00000143
  51  1566989605.75324154  1566989605.75324273  0.00000119
  52  1566989605.75324512  1566989605.75324631  0.00000119
  53  1566989605.75324869  1566989605.75324988  0.00000119
  54  1566989605.75325203  1566989605.75325322  0.00000119
  55  1566989605.75325561  1566989605.75325680  0.00000119
  56  1566989605.75325894  1566989605.75326061  0.00000167
  57  1566989605.75326276  1566989605.75326395  0.00000119
  58  1566989605.75326633  1566989605.75326753  0.00000119
  59  1566989605.75326967  1566989605.75327110  0.00000143
  60  1566989605.75327325  1566989605.75327444  0.00000119
  61  1566989605.75327682  1566989605.75327802  0.00000119
  62  1566989605.75328040  1566989605.75328159  0.00000119
  63  1566989605.75328374  1566989605.75328493  0.00000119
  64  1566989605.75328732  1566989605.75328851  0.00000119
  65  1566989605.75329089  1566989605.75329208  0.00000119
  66  1566989605.75329423  1566989605.75329542  0.00000119
  67  1566989605.75329757  1566989605.75329900  0.00000143
  68  1566989605.75330830  1566989605.75330973  0.00000143
  69  1566989605.75331211  1566989605.75331330  0.00000119
  70  1566989605.75332785  1566989605.75332904  0.00000119
  71  1566989605.75333142  1566989605.75333261  0.00000119
  72  1566989605.75333476  1566989605.75333595  0.00000119
  73  1566989605.75333834  1566989605.75333953  0.00000119
  74  1566989605.75334191  1566989605.75334311  0.00000119
  75  1566989605.75334549  1566989605.75334668  0.00000119
  76  1566989605.75334907  1566989605.75335026  0.00000119
  77  1566989605.75335264  1566989605.75335383  0.00000119
  78  1566989605.75335622  1566989605.75335741  0.00000119
  79  1566989605.75335979  1566989605.75336099  0.00000119
  80  1566989605.75336337  1566989605.75336456  0.00000119
  81  1566989605.75336695  1566989605.75336814  0.00000119
  82  1566989605.75337052  1566989605.75337172  0.00000119
  83  1566989605.75337410  1566989605.75337529  0.00000119
  84  1566989605.75337768  1566989605.75337863  0.00000095
  85  1566989605.75338125  1566989605.75338244  0.00000119
  86  1566989605.75338483  1566989605.75338626  0.00000143
  87  1566989605.75338864  1566989605.75338984  0.00000119
  88  1566989605.75339222  1566989605.75339365  0.00000143
  89  1566989605.75339603  1566989605.75339723  0.00000119
  90  1566989605.75339961  1566989605.75340104  0.00000143
  91  1566989605.75340319  1566989605.75340438  0.00000119
  92  1566989605.75340676  1566989605.75340796  0.00000119
  93  1566989605.75341034  1566989605.75341153  0.00000119
  94  1566989605.75341368  1566989605.75341487  0.00000119
  95  1566989605.75341725  1566989605.75341868  0.00000143
  96  1566989605.75342107  1566989605.75342226  0.00000119
  97  1566989605.75342464  1566989605.75342584  0.00000119
  98  1566989605.75342822  1566989605.75342941  0.00000119
  99  1566989605.75343180  1566989605.75343299  0.00000119
 100  1566989605.75343537  1566989605.75343657  0.00000119
 101  1566989605.75343895  1566989605.75344014  0.00000119
 102  1566989605.75344253  1566989605.75344372  0.00000119
 103  1566989605.75344610  1566989605.75344753  0.00000143
 104  1566989605.75344992  1566989605.75345111  0.00000119
 105  1566989605.75345349  1566989605.75345469  0.00000119
 106  1566989605.75345707  1566989605.75345826  0.00000119
 107  1566989605.75346065  1566989605.75346184  0.00000119
 108  1566989605.75346422  1566989605.75346541  0.00000119
 109  1566989605.75346780  1566989605.75346899  0.00000119
 110  1566989605.75347137  1566989605.75347257  0.00000119
 111  1566989605.75347495  1566989605.75347614  0.00000119
 112  1566989605.75347853  1566989605.75347972  0.00000119
 113  1566989605.75348210  1566989605.75348330  0.00000119
 114  1566989605.75348568  1566989605.75348687  0.00000119
 115  1566989605.75348926  1566989605.75349045  0.00000119
 116  1566989605.75349283  1566989605.75349402  0.00000119
 117  1566989605.75349641  1566989605.75349760  0.00000119
 118  1566989605.75349998  1566989605.75350118  0.00000119
 119  1566989605.75350356  1566989605.75350475  0.00000119
 120  1566989605.75350714  1566989605.75350833  0.00000119
 121  1566989605.75351048  1566989605.75351167  0.00000119
 122  1566989605.75351405  1566989605.75351524  0.00000119
 123  1566989605.75351763  1566989605.75351882  0.00000119
 124  1566989605.75352120  1566989605.75352240  0.00000119
 125  1566989605.75352478  1566989605.75352597  0.00000119
 126  1566989605.75352836  1566989605.75352955  0.00000119
 127  1566989605.75353694  1566989605.75353813  0.00000119
 128  1566989605.75354052  1566989605.75356078  0.00002027
 129  1566989605.75356364  1566989605.75356483  0.00000119
 130  1566989605.75356746  1566989605.75356865  0.00000119
 131  1566989605.75357127  1566989605.75357270  0.00000143
 132  1566989605.75357533  1566989605.75357652  0.00000119
 133  1566989605.75357914  1566989605.75358033  0.00000119
 134  1566989605.75358295  1566989605.75358415  0.00000119
 135  1566989605.75358677  1566989605.75358844  0.00000167
 136  1566989605.75359106  1566989605.75359225  0.00000119
 137  1566989605.75359750  1566989605.75359869  0.00000119
 138  1566989605.75360155  1566989605.75360298  0.00000143
 139  1566989605.75360560  1566989605.75360680  0.00000119
 140  1566989605.75360942  1566989605.75361061  0.00000119
 141  1566989605.75361323  1566989605.75361443  0.00000119
 142  1566989605.75361705  1566989605.75361824  0.00000119
 143  1566989605.75362086  1566989605.75362229  0.00000143
 144  1566989605.75362468  1566989605.75362611  0.00000143
 145  1566989605.75362873  1566989605.75362992  0.00000119
 146  1566989605.75363255  1566989605.75363374  0.00000119
 147  1566989605.75363636  1566989605.75363755  0.00000119
 148  1566989605.75364017  1566989605.75364137  0.00000119
 149  1566989605.75364399  1566989605.75364518  0.00000119
 150  1566989605.75364780  1566989605.75364900  0.00000119
 151  1566989605.75365162  1566989605.75365281  0.00000119
 152  1566989605.75365543  1566989605.75365663  0.00000119
 153  1566989605.75365925  1566989605.75366044  0.00000119
 154  1566989605.75366306  1566989605.75366449  0.00000143
 155  1566989605.75366688  1566989605.75366807  0.00000119
 156  1566989605.75367069  1566989605.75367212  0.00000143
 157  1566989605.75367475  1566989605.75367594  0.00000119
 158  1566989605.75367856  1566989605.75367975  0.00000119
 159  1566989605.75368237  1566989605.75368357  0.00000119
 160  1566989605.75368619  1566989605.75368738  0.00000119
 161  1566989605.75369000  1566989605.75369143  0.00000143
 162  1566989605.75369382  1566989605.75369501  0.00000119
 163  1566989605.75369763  1566989605.75369906  0.00000143
 164  1566989605.75370145  1566989605.75370288  0.00000143
 165  1566989605.75370526  1566989605.75370669  0.00000143
 166  1566989605.75370908  1566989605.75371051  0.00000143
 167  1566989605.75371289  1566989605.75371408  0.00000119
 168  1566989605.75371671  1566989605.75371790  0.00000119
 169  1566989605.75372052  1566989605.75372195  0.00000143
 170  1566989605.75372434  1566989605.75372577  0.00000143
 171  1566989605.75372839  1566989605.75372958  0.00000119
 172  1566989605.75373220  1566989605.75373340  0.00000119
 173  1566989605.75373602  1566989605.75373721  0.00000119
 174  1566989605.75373983  1566989605.75374103  0.00000119
 175  1566989605.75374365  1566989605.75374484  0.00000119
 176  1566989605.75374746  1566989605.75374866  0.00000119
 177  1566989605.75375128  1566989605.75375247  0.00000119
 178  1566989605.75375509  1566989605.75375628  0.00000119
 179  1566989605.75375891  1566989605.75376034  0.00000143
 180  1566989605.75376296  1566989605.75376439  0.00000143
 181  1566989605.75376678  1566989605.75376821  0.00000143
 182  1566989605.75377083  1566989605.75377202  0.00000119
 183  1566989605.75377464  1566989605.75377584  0.00000119
 184  1566989605.75377846  1566989605.75377965  0.00000119
 185  1566989605.75378227  1566989605.75378346  0.00000119
 186  1566989605.75378609  1566989605.75378728  0.00000119
 187  1566989605.75378990  1566989605.75379109  0.00000119
 188  1566989605.75379372  1566989605.75379491  0.00000119
 189  1566989605.75379729  1566989605.75379872  0.00000143
 190  1566989605.75380135  1566989605.75380254  0.00000119
 191  1566989605.75380516  1566989605.75380659  0.00000143
 192  1566989605.75380898  1566989605.75381017  0.00000119
 193  1566989605.75381279  1566989605.75381422  0.00000143
 194  1566989605.75381684  1566989605.75381804  0.00000119
 195  1566989605.75382066  1566989605.75382209  0.00000143
 196  1566989605.75382471  1566989605.75384355  0.00001884
 197  1566989605.75384593  1566989605.75384712  0.00000119
 198  1566989605.75384951  1566989605.75385070  0.00000119
 199  1566989605.75386357  1566989605.75386500  0.00000143
 200  1566989605.75386715  1566989605.75386858  0.00000143
 201  1566989605.75387096  1566989605.75387216  0.00000119
 202  1566989605.75387454  1566989605.75387573  0.00000119
 203  1566989605.75387788  1566989605.75387907  0.00000119
 204  1566989605.75388145  1566989605.75388265  0.00000119
 205  1566989605.75388479  1566989605.75388598  0.00000119
 206  1566989605.75388837  1566989605.75388956  0.00000119
 207  1566989605.75389385  1566989605.75389504  0.00000119
 208  1566989605.75389743  1566989605.75389862  0.00000119
 209  1566989605.75390100  1566989605.75390220  0.00000119
 210  1566989605.75390434  1566989605.75390553  0.00000119
 211  1566989605.75390768  1566989605.75390887  0.00000119
 212  1566989605.75391102  1566989605.75391221  0.00000119
 213  1566989605.75391459  1566989605.75391579  0.00000119
 214  1566989605.75391793  1566989605.75391912  0.00000119
 215  1566989605.75392151  1566989605.75392270  0.00000119
 216  1566989605.75392485  1566989605.75392604  0.00000119
 217  1566989605.75392842  1566989605.75392962  0.00000119
 218  1566989605.75393200  1566989605.75393319  0.00000119
 219  1566989605.75393534  1566989605.75393653  0.00000119
 220  1566989605.75393891  1566989605.75394011  0.00000119
 221  1566989605.75394225  1566989605.75394344  0.00000119
 222  1566989605.75394583  1566989605.75394702  0.00000119
 223  1566989605.75394940  1566989605.75395060  0.00000119
 224  1566989605.75395274  1566989605.75395393  0.00000119
 225  1566989605.75395632  1566989605.75395751  0.00000119
 226  1566989605.75395989  1566989605.75396109  0.00000119
 227  1566989605.75396323  1566989605.75396442  0.00000119
 228  1566989605.75396681  1566989605.75396800  0.00000119
 229  1566989605.75397015  1566989605.75397158  0.00000143
 230  1566989605.75397372  1566989605.75397491  0.00000119
 231  1566989605.75397730  1566989605.75397849  0.00000119
 232  1566989605.75398064  1566989605.75398183  0.00000119
 233  1566989605.75398421  1566989605.75398540  0.00000119
 234  1566989605.75398779  1566989605.75398898  0.00000119
 235  1566989605.75399113  1566989605.75399232  0.00000119
 236  1566989605.75399470  1566989605.75399590  0.00000119
 237  1566989605.75399828  1566989605.75399923  0.00000095
 238  1566989605.75400162  1566989605.75400281  0.00000119
 239  1566989605.75400496  1566989605.75400615  0.00000119
 240  1566989605.75400829  1566989605.75400972  0.00000143
 241  1566989605.75401187  1566989605.75401306  0.00000119
 242  1566989605.75401521  1566989605.75401640  0.00000119
 243  1566989605.75401855  1566989605.75401974  0.00000119
 244  1566989605.75402212  1566989605.75402331  0.00000119
 245  1566989605.75402546  1566989605.75402665  0.00000119
 246  1566989605.75402904  1566989605.75403023  0.00000119
 247  1566989605.75403237  1566989605.75403357  0.00000119
 248  1566989605.75403571  1566989605.75403690  0.00000119
 249  1566989605.75403905  1566989605.75404048  0.00000143
 250  1566989605.75404263  1566989605.75404406  0.00000143
 251  1566989605.75404620  1566989605.75404739  0.00000119
 252  1566989605.75404954  1566989605.75405073  0.00000119
 253  1566989605.75405312  1566989605.75405431  0.00000119
 254  1566989605.75405645  1566989605.75405765  0.00000119
 255  1566989605.75405979  1566989605.75406098  0.00000119
 256  1566989605.75406337  1566989605.75406456  0.00000119
 257  1566989605.75406671  1566989605.75406790  0.00000119
 258  1566989605.75407004  1566989605.75407124  0.00000119
 259  1566989605.75407338  1566989605.75407457  0.00000119
 260  1566989605.75407672  1566989605.75407791  0.00000119
 261  1566989605.75408030  1566989605.75408149  0.00000119
 262  1566989605.75408363  1566989605.75408483  0.00000119
 263  1566989605.75408697  1566989605.75408840  0.00000143
 264  1566989605.75409055  1566989605.75409174  0.00000119
 265  1566989605.75409389  1566989605.75409508  0.00000119
 266  1566989605.75409746  1566989605.75409865  0.00000119
 267  1566989605.75410080  1566989605.75410199  0.00000119
 268  1566989605.75410438  1566989605.75410557  0.00000119
 269  1566989605.75410771  1566989605.75410891  0.00000119
 270  1566989605.75411105  1566989605.75411224  0.00000119
 271  1566989605.75411463  1566989605.75411582  0.00000119
 272  1566989605.75411797  1566989605.75411916  0.00000119
 273  1566989605.75412154  1566989605.75412273  0.00000119
 274  1566989605.75412512  1566989605.75412631  0.00000119
 275  1566989605.75412869  1566989605.75412989  0.00000119
 276  1566989605.75413418  1566989605.75413537  0.00000119
 277  1566989605.75413775  1566989605.75413871  0.00000095
 278  1566989605.75414109  1566989605.75414228  0.00000119
 279  1566989605.75414467  1566989605.75414586  0.00000119
 280  1566989605.75414801  1566989605.75414944  0.00000143
 281  1566989605.75415158  1566989605.75415277  0.00000119
 282  1566989605.75415516  1566989605.75415635  0.00000119
 283  1566989605.75415850  1566989605.75415969  0.00000119
 284  1566989605.75416207  1566989605.75416327  0.00000119
 285  1566989605.75416565  1566989605.75416660  0.00000095
 286  1566989605.75416899  1566989605.75417018  0.00000119
 287  1566989605.75417256  1566989605.75417376  0.00000119
 288  1566989605.75417590  1566989605.75417709  0.00000119
 289  1566989605.75417948  1566989605.75418091  0.00000143
 290  1566989605.75418329  1566989605.75418448  0.00000119
 291  1566989605.75418663  1566989605.75418806  0.00000143
 292  1566989605.75419021  1566989605.75419140  0.00000119
 293  1566989605.75419354  1566989605.75419497  0.00000143
 294  1566989605.75419712  1566989605.75419831  0.00000119
 295  1566989605.75420070  1566989605.75420189  0.00000119
 296  1566989605.75420403  1566989605.75420547  0.00000143
 297  1566989605.75420761  1566989605.75420880  0.00000119
 298  1566989605.75421095  1566989605.75421238  0.00000143
 299  1566989605.75421453  1566989605.75421572  0.00000119
 300  1566989605.75421810  1566989605.75421953  0.00000143
 301  1566989605.75422168  1566989605.75422287  0.00000119
 302  1566989605.75422525  1566989605.75422645  0.00000119
 303  1566989605.75422859  1566989605.75422978  0.00000119
 304  1566989605.75423217  1566989605.75423336  0.00000119
 305  1566989605.75423574  1566989605.75423694  0.00000119
 306  1566989605.75423908  1566989605.75424051  0.00000143
 307  1566989605.75424266  1566989605.75424385  0.00000119
 308  1566989605.75424623  1566989605.75424743  0.00000119
 309  1566989605.75424957  1566989605.75425124  0.00000167
 310  1566989605.75425339  1566989605.75425458  0.00000119
 311  1566989605.75425696  1566989605.75425816  0.00000119
 312  1566989605.75426030  1566989605.75426149  0.00000119
 313  1566989605.75426388  1566989605.75426507  0.00000119
 314  1566989605.75426722  1566989605.75426841  0.00000119
 315  1566989605.75427055  1566989605.75427198  0.00000143
 316  1566989605.75427413  1566989605.75427532  0.00000119
 317  1566989605.75427771  1566989605.75427890  0.00000119
 318  1566989605.75428104  1566989605.75428247  0.00000143
 319  1566989605.75428462  1566989605.75428581  0.00000119
 320  1566989605.75428820  1566989605.75428939  0.00000119
 321  1566989605.75429153  1566989605.75429273  0.00000119
 322  1566989605.75429511  1566989605.75429630  0.00000119
 323  1566989605.75429845  1566989605.75429964  0.00000119
 324  1566989605.75430202  1566989605.75430298  0.00000095
 325  1566989605.75430536  1566989605.75430655  0.00000119
 326  1566989605.75430870  1566989605.75430989  0.00000119
 327  1566989605.75431204  1566989605.75431347  0.00000143
 328  1566989605.75431585  1566989605.75431705  0.00000119
 329  1566989605.75431943  1566989605.75432038  0.00000095
 330  1566989605.75432277  1566989605.75432396  0.00000119
 331  1566989605.75432634  1566989605.75432754  0.00000119
 332  1566989605.75432968  1566989605.75433087  0.00000119
 333  1566989605.75433326  1566989605.75433493  0.00000167
 334  1566989605.75433707  1566989605.75433874  0.00000167
 335  1566989605.75434089  1566989605.75434208  0.00000119
 336  1566989605.75434446  1566989605.75434566  0.00000119
 337  1566989605.75434780  1566989605.75434899  0.00000119
 338  1566989605.75435138  1566989605.75435257  0.00000119
 339  1566989605.75435495  1566989605.75435615  0.00000119
 340  1566989605.75435853  1566989605.75435972  0.00000119
 341  1566989605.75436187  1566989605.75436306  0.00000119
 342  1566989605.75436544  1566989605.75436640  0.00000095
 343  1566989605.75436878  1566989605.75436997  0.00000119
 344  1566989605.75437236  1566989605.75437355  0.00000119
 345  1566989605.75437570  1566989605.75437689  0.00000119
 346  1566989605.75438118  1566989605.75438237  0.00000119
 347  1566989605.75438476  1566989605.75438571  0.00000095
 348  1566989605.75438809  1566989605.75438929  0.00000119
 349  1566989605.75439167  1566989605.75439262  0.00000095
 350  1566989605.75439501  1566989605.75439596  0.00000095
 351  1566989605.75439835  1566989605.75439954  0.00000119
 352  1566989605.75440192  1566989605.75440311  0.00000119
 353  1566989605.75440526  1566989605.75440669  0.00000143
 354  1566989605.75440884  1566989605.75441003  0.00000119
 355  1566989605.75441217  1566989605.75441337  0.00000119
 356  1566989605.75441575  1566989605.75441694  0.00000119
 357  1566989605.75441933  1566989605.75442052  0.00000119
 358  1566989605.75442266  1566989605.75442386  0.00000119
 359  1566989605.75442624  1566989605.75442743  0.00000119
 360  1566989605.75442982  1566989605.75443077  0.00000095
 361  1566989605.75443316  1566989605.75443435  0.00000119
 362  1566989605.75443649  1566989605.75443792  0.00000143
 363  1566989605.75444007  1566989605.75444174  0.00000167
 364  1566989605.75444388  1566989605.75444508  0.00000119
 365  1566989605.75444746  1566989605.75444841  0.00000095
 366  1566989605.75445080  1566989605.75445199  0.00000119
 367  1566989605.75445437  1566989605.75445557  0.00000119
 368  1566989605.75445771  1566989605.75445890  0.00000119
 369  1566989605.75446129  1566989605.75446248  0.00000119
 370  1566989605.75446486  1566989605.75446582  0.00000095
 371  1566989605.75446820  1566989605.75446963  0.00000143
 372  1566989605.75447178  1566989605.75447297  0.00000119
 373  1566989605.75447536  1566989605.75447655  0.00000119
 374  1566989605.75447893  1566989605.75447989  0.00000095
 375  1566989605.75448227  1566989605.75448346  0.00000119
 376  1566989605.75448585  1566989605.75448704  0.00000119
 377  1566989605.75448942  1566989605.75449061  0.00000119
 378  1566989605.75449276  1566989605.75449395  0.00000119
 379  1566989605.75449634  1566989605.75449753  0.00000119
 380  1566989605.75449991  1566989605.75450110  0.00000119
 381  1566989605.75450325  1566989605.75450444  0.00000119
 382  1566989605.75450683  1566989605.75450778  0.00000095
 383  1566989605.75451016  1566989605.75451112  0.00000095
 384  1566989605.75451350  1566989605.75451469  0.00000119
 385  1566989605.75451684  1566989605.75451827  0.00000143
 386  1566989605.75452042  1566989605.75452161  0.00000119
 387  1566989605.75452399  1566989605.75452518  0.00000119
 388  1566989605.75452733  1566989605.75452852  0.00000119
 389  1566989605.75453091  1566989605.75453210  0.00000119
 390  1566989605.75453424  1566989605.75453544  0.00000119
 391  1566989605.75453782  1566989605.75453901  0.00000119
 392  1566989605.75454116  1566989605.75454259  0.00000143
 393  1566989605.75454473  1566989605.75454593  0.00000119
 394  1566989605.75454831  1566989605.75454950  0.00000119
 395  1566989605.75455165  1566989605.75455284  0.00000119
 396  1566989605.75455523  1566989605.75455642  0.00000119
 397  1566989605.75455880  1566989605.75455999  0.00000119
 398  1566989605.75456238  1566989605.75456357  0.00000119
 399  1566989605.75456572  1566989605.75456691  0.00000119
 400  1566989605.75456929  1566989605.75457048  0.00000119
 401  1566989605.75457287  1566989605.75457406  0.00000119
 402  1566989605.75457621  1566989605.75457740  0.00000119
 403  1566989605.75457978  1566989605.75458097  0.00000119
 404  1566989605.75458312  1566989605.75458431  0.00000119
 405  1566989605.75458670  1566989605.75458789  0.00000119
 406  1566989605.75459003  1566989605.75459123  0.00000119
 407  1566989605.75459361  1566989605.75459480  0.00000119
 408  1566989605.75459695  1566989605.75459814  0.00000119
 409  1566989605.75460029  1566989605.75460172  0.00000143
 410  1566989605.75460386  1566989605.75460505  0.00000119
 411  1566989605.75460744  1566989605.75460839  0.00000095
 412  1566989605.75461078  1566989605.75461197  0.00000119
 413  1566989605.75461411  1566989605.75461531  0.00000119
 414  1566989605.75461745  1566989605.75461888  0.00000143
 415  1566989605.75462317  1566989605.75462461  0.00000143
 416  1566989605.75462675  1566989605.75462794  0.00000119
 417  1566989605.75463033  1566989605.75463152  0.00000119
 418  1566989605.75463367  1566989605.75463486  0.00000119
 419  1566989605.75463724  1566989605.75463843  0.00000119
 420  1566989605.75464058  1566989605.75464201  0.00000143
 421  1566989605.75464416  1566989605.75464535  0.00000119
 422  1566989605.75464773  1566989605.75464892  0.00000119
 423  1566989605.75465131  1566989605.75465250  0.00000119
 424  1566989605.75465488  1566989605.75465608  0.00000119
 425  1566989605.75465822  1566989605.75465941  0.00000119
 426  1566989605.75466180  1566989605.75466299  0.00000119
 427  1566989605.75466514  1566989605.75466633  0.00000119
 428  1566989605.75466871  1566989605.75466990  0.00000119
 429  1566989605.75467205  1566989605.75467348  0.00000143
 430  1566989605.75467563  1566989605.75467682  0.00000119
 431  1566989605.75467920  1566989605.75468040  0.00000119
 432  1566989605.75468254  1566989605.75468373  0.00000119
 433  1566989605.75468612  1566989605.75468755  0.00000143
 434  1566989605.75468969  1566989605.75469089  0.00000119
 435  1566989605.75469327  1566989605.75469446  0.00000119
 436  1566989605.75469661  1566989605.75469780  0.00000119
 437  1566989605.75470018  1566989605.75470138  0.00000119
 438  1566989605.75470352  1566989605.75470471  0.00000119
 439  1566989605.75470710  1566989605.75470829  0.00000119
 440  1566989605.75471044  1566989605.75471163  0.00000119
 441  1566989605.75471377  1566989605.75471497  0.00000119
 442  1566989605.75471735  1566989605.75471854  0.00000119
 443  1566989605.75472093  1566989605.75472212  0.00000119
 444  1566989605.75472450  1566989605.75472569  0.00000119
 445  1566989605.75472784  1566989605.75472903  0.00000119
 446  1566989605.75473142  1566989605.75473285  0.00000143
 447  1566989605.75473499  1566989605.75473642  0.00000143
 448  1566989605.75473857  1566989605.75473976  0.00000119
 449  1566989605.75474215  1566989605.75474334  0.00000119
 450  1566989605.75474572  1566989605.75474691  0.00000119
 451  1566989605.75474906  1566989605.75475025  0.00000119
 452  1566989605.75475264  1566989605.75475383  0.00000119
 453  1566989605.75475597  1566989605.75475740  0.00000143
 454  1566989605.75475955  1566989605.75476074  0.00000119
 455  1566989605.75476289  1566989605.75476408  0.00000119
 456  1566989605.75476646  1566989605.75476766  0.00000119
 457  1566989605.75477004  1566989605.75477123  0.00000119
 458  1566989605.75477338  1566989605.75477457  0.00000119
 459  1566989605.75477672  1566989605.75477815  0.00000143
 460  1566989605.75478029  1566989605.75478148  0.00000119
 461  1566989605.75478387  1566989605.75478506  0.00000119
 462  1566989605.75478721  1566989605.75478864  0.00000143
 463  1566989605.75479078  1566989605.75479198  0.00000119
 464  1566989605.75479436  1566989605.75479555  0.00000119
 465  1566989605.75479794  1566989605.75479913  0.00000119
 466  1566989605.75480127  1566989605.75480270  0.00000143
 467  1566989605.75480485  1566989605.75480604  0.00000119
 468  1566989605.75480819  1566989605.75480962  0.00000143
 469  1566989605.75481176  1566989605.75481296  0.00000119
 470  1566989605.75481534  1566989605.75481653  0.00000119
 471  1566989605.75481868  1566989605.75482011  0.00000143
 472  1566989605.75482225  1566989605.75482345  0.00000119
 473  1566989605.75482583  1566989605.75482702  0.00000119
 474  1566989605.75482917  1566989605.75483036  0.00000119
 475  1566989605.75483251  1566989605.75483370  0.00000119
 476  1566989605.75483608  1566989605.75483727  0.00000119
 477  1566989605.75483942  1566989605.75484085  0.00000143
 478  1566989605.75484300  1566989605.75484419  0.00000119
 479  1566989605.75484633  1566989605.75484776  0.00000143
 480  1566989605.75484991  1566989605.75485134  0.00000143
 481  1566989605.75485349  1566989605.75485468  0.00000119
 482  1566989605.75485706  1566989605.75485826  0.00000119
 483  1566989605.75486064  1566989605.75486207  0.00000143
 484  1566989605.75486636  1566989605.75486755  0.00000119
 485  1566989605.75486994  1566989605.75487113  0.00000119
 486  1566989605.75487328  1566989605.75487471  0.00000143
 487  1566989605.75487709  1566989605.75487828  0.00000119
 488  1566989605.75488043  1566989605.75488162  0.00000119
 489  1566989605.75488377  1566989605.75488496  0.00000119
 490  1566989605.75488734  1566989605.75488853  0.00000119
 491  1566989605.75489068  1566989605.75489187  0.00000119
 492  1566989605.75489426  1566989605.75489545  0.00000119
 493  1566989605.75489759  1566989605.75489879  0.00000119
 494  1566989605.75490117  1566989605.75490236  0.00000119
 495  1566989605.75490451  1566989605.75490594  0.00000143
 496  1566989605.75490832  1566989605.75490952  0.00000119
 497  1566989605.75491166  1566989605.75491285  0.00000119
 498  1566989605.75491524  1566989605.75491643  0.00000119
 499  1566989605.75491881  1566989605.75491977  0.00000095
 500  1566989605.75492215  1566989605.75492334  0.00000119
 501  1566989605.75492573  1566989605.75492668  0.00000095
 502  1566989605.75492907  1566989605.75493026  0.00000119
 503  1566989605.75493264  1566989605.75493383  0.00000119
 504  1566989605.75493598  1566989605.75493765  0.00000167
 505  1566989605.75493979  1566989605.75494099  0.00000119
 506  1566989605.75494337  1566989605.75494456  0.00000119
 507  1566989605.75494695  1566989605.75494814  0.00000119
 508  1566989605.75495028  1566989605.75495148  0.00000119
 509  1566989605.75495386  1566989605.75495505  0.00000119
 510  1566989605.75495744  1566989605.75495863  0.00000119
 511  1566989605.75496078  1566989605.75496197  0.00000119
 512  1566989605.75496435  1566989605.75496554  0.00000119
 513  1566989605.75496793  1566989605.75496912  0.00000119
 514  1566989605.75497127  1566989605.75497246  0.00000119
 515  1566989605.75497484  1566989605.75497603  0.00000119
 516  1566989605.75497842  1566989605.75497961  0.00000119
 517  1566989605.75498176  1566989605.75498295  0.00000119
 518  1566989605.75498533  1566989605.75498652  0.00000119
 519  1566989605.75498867  1566989605.75498986  0.00000119
 520  1566989605.75499225  1566989605.75499344  0.00000119
 521  1566989605.75499582  1566989605.75499701  0.00000119
 522  1566989605.75499916  1566989605.75500035  0.00000119
 523  1566989605.75500274  1566989605.75500369  0.00000095
 524  1566989605.75500607  1566989605.75500727  0.00000119
 525  1566989605.75500941  1566989605.75501060  0.00000119
 526  1566989605.75501275  1566989605.75501394  0.00000119
 527  1566989605.75501609  1566989605.75501728  0.00000119
 528  1566989605.75501966  1566989605.75502062  0.00000095
 529  1566989605.75502300  1566989605.75502419  0.00000119
 530  1566989605.75502634  1566989605.75502753  0.00000119
 531  1566989605.75502968  1566989605.75503111  0.00000143
 532  1566989605.75503325  1566989605.75503445  0.00000119
 533  1566989605.75503659  1566989605.75503778  0.00000119
 534  1566989605.75504017  1566989605.75504112  0.00000095
 535  1566989605.75504351  1566989605.75504470  0.00000119
 536  1566989605.75504684  1566989605.75504804  0.00000119
 537  1566989605.75505018  1566989605.75505137  0.00000119
 538  1566989605.75505352  1566989605.75505471  0.00000119
 539  1566989605.75505686  1566989605.75505829  0.00000143
 540  1566989605.75506043  1566989605.75506163  0.00000119
 541  1566989605.75506377  1566989605.75506496  0.00000119
 542  1566989605.75506735  1566989605.75506854  0.00000119
 543  1566989605.75507069  1566989605.75507188  0.00000119
 544  1566989605.75507402  1566989605.75507522  0.00000119
 545  1566989605.75507736  1566989605.75507855  0.00000119
 546  1566989605.75508094  1566989605.75508213  0.00000119
 547  1566989605.75508428  1566989605.75508571  0.00000143
 548  1566989605.75508785  1566989605.75508904  0.00000119
 549  1566989605.75509119  1566989605.75509238  0.00000119
 550  1566989605.75509453  1566989605.75509572  0.00000119
 551  1566989605.75509787  1566989605.75509930  0.00000143
 552  1566989605.75510144  1566989605.75510263  0.00000119
 553  1566989605.75510478  1566989605.75510597  0.00000119
 554  1566989605.75511003  1566989605.75511146  0.00000143
 555  1566989605.75511360  1566989605.75511479  0.00000119
 556  1566989605.75511694  1566989605.75511813  0.00000119
 557  1566989605.75512052  1566989605.75512171  0.00000119
 558  1566989605.75512409  1566989605.75512528  0.00000119
 559  1566989605.75512743  1566989605.75512886  0.00000143
 560  1566989605.75513124  1566989605.75513268  0.00000143
 561  1566989605.75513482  1566989605.75513601  0.00000119
 562  1566989605.75513840  1566989605.75513959  0.00000119
 563  1566989605.75514174  1566989605.75514293  0.00000119
 564  1566989605.75514531  1566989605.75514650  0.00000119
 565  1566989605.75514889  1566989605.75515008  0.00000119
 566  1566989605.75515223  1566989605.75515342  0.00000119
 567  1566989605.75515580  1566989605.75515699  0.00000119
 568  1566989605.75515938  1566989605.75516057  0.00000119
 569  1566989605.75516272  1566989605.75516391  0.00000119
 570  1566989605.75516629  1566989605.75516748  0.00000119
 571  1566989605.75516987  1566989605.75517106  0.00000119
 572  1566989605.75517321  1566989605.75517440  0.00000119
 573  1566989605.75517678  1566989605.75517797  0.00000119
 574  1566989605.75518012  1566989605.75518155  0.00000143
 575  1566989605.75518370  1566989605.75518489  0.00000119
 576  1566989605.75518727  1566989605.75518847  0.00000119
 577  1566989605.75519061  1566989605.75519180  0.00000119
 578  1566989605.75519419  1566989605.75519538  0.00000119
 579  1566989605.75519776  1566989605.75519872  0.00000095
 580  1566989605.75520110  1566989605.75520253  0.00000143
 581  1566989605.75520468  1566989605.75520587  0.00000119
 582  1566989605.75520825  1566989605.75520945  0.00000119
 583  1566989605.75521159  1566989605.75521278  0.00000119
 584  1566989605.75521517  1566989605.75521636  0.00000119
 585  1566989605.75521874  1566989605.75521994  0.00000119
 586  1566989605.75522208  1566989605.75522327  0.00000119
 587  1566989605.75522566  1566989605.75522709  0.00000143
 588  1566989605.75522947  1566989605.75523067  0.00000119
 589  1566989605.75523281  1566989605.75523400  0.00000119
 590  1566989605.75523639  1566989605.75523734  0.00000095
 591  1566989605.75523973  1566989605.75524092  0.00000119
 592  1566989605.75524330  1566989605.75524426  0.00000095
 593  1566989605.75524664  1566989605.75524783  0.00000119
 594  1566989605.75525022  1566989605.75525141  0.00000119
 595  1566989605.75525355  1566989605.75525498  0.00000143
 596  1566989605.75525737  1566989605.75525856  0.00000119
 597  1566989605.75526094  1566989605.75526214  0.00000119
 598  1566989605.75526428  1566989605.75526547  0.00000119
 599  1566989605.75526786  1566989605.75526905  0.00000119
 600  1566989605.75527120  1566989605.75527263  0.00000143
 601  1566989605.75527477  1566989605.75527596  0.00000119
 602  1566989605.75527835  1566989605.75527954  0.00000119
 603  1566989605.75528193  1566989605.75528312  0.00000119
 604  1566989605.75528526  1566989605.75528646  0.00000119
 605  1566989605.75528884  1566989605.75529003  0.00000119
 606  1566989605.75529242  1566989605.75529361  0.00000119
 607  1566989605.75529575  1566989605.75529695  0.00000119
 608  1566989605.75529933  1566989605.75530052  0.00000119
 609  1566989605.75530267  1566989605.75530410  0.00000143
 610  1566989605.75530648  1566989605.75530767  0.00000119
 611  1566989605.75530982  1566989605.75531101  0.00000119
 612  1566989605.75531316  1566989605.75531435  0.00000119
 613  1566989605.75531673  1566989605.75531793  0.00000119
 614  1566989605.75532007  1566989605.75532126  0.00000119
 615  1566989605.75532341  1566989605.75532484  0.00000143
 616  1566989605.75532699  1566989605.75532818  0.00000119
 617  1566989605.75533032  1566989605.75533152  0.00000119
 618  1566989605.75533390  1566989605.75533557  0.00000167
 619  1566989605.75533772  1566989605.75533891  0.00000119
 620  1566989605.75534129  1566989605.75534248  0.00000119
 621  1566989605.75534463  1566989605.75534582  0.00000119
 622  1566989605.75534821  1566989605.75534940  0.00000119
 623  1566989605.75535369  1566989605.75535488  0.00000119
 624  1566989605.75535727  1566989605.75535870  0.00000143
 625  1566989605.75536084  1566989605.75536203  0.00000119
 626  1566989605.75536442  1566989605.75536561  0.00000119
 627  1566989605.75536776  1566989605.75536919  0.00000143
 628  1566989605.75537133  1566989605.75537252  0.00000119
 629  1566989605.75537491  1566989605.75537610  0.00000119
 630  1566989605.75537825  1566989605.75537968  0.00000143
 631  1566989605.75538182  1566989605.75538301  0.00000119
 632  1566989605.75538540  1566989605.75538659  0.00000119
 633  1566989605.75538874  1566989605.75538993  0.00000119
 634  1566989605.75539231  1566989605.75539351  0.00000119
 635  1566989605.75539565  1566989605.75539684  0.00000119
 636  1566989605.75539923  1566989605.75540042  0.00000119
 637  1566989605.75540257  1566989605.75540376  0.00000119
 638  1566989605.75540614  1566989605.75540733  0.00000119
 639  1566989605.75540948  1566989605.75541067  0.00000119
 640  1566989605.75541306  1566989605.75541425  0.00000119
 641  1566989605.75541639  1566989605.75541759  0.00000119
 642  1566989605.75541997  1566989605.75542140  0.00000143
 643  1566989605.75542355  1566989605.75542474  0.00000119
 644  1566989605.75542712  1566989605.75542855  0.00000143
 645  1566989605.75543070  1566989605.75543189  0.00000119
 646  1566989605.75543427  1566989605.75543547  0.00000119
 647  1566989605.75543761  1566989605.75543880  0.00000119
 648  1566989605.75544119  1566989605.75544238  0.00000119
 649  1566989605.75544453  1566989605.75544596  0.00000143
 650  1566989605.75544810  1566989605.75544930  0.00000119
 651  1566989605.75545168  1566989605.75545287  0.00000119
 652  1566989605.75545526  1566989605.75545645  0.00000119
 653  1566989605.75545859  1566989605.75546026  0.00000167
 654  1566989605.75546241  1566989605.75546360  0.00000119
 655  1566989605.75546575  1566989605.75546718  0.00000143
 656  1566989605.75546932  1566989605.75547051  0.00000119
 657  1566989605.75547290  1566989605.75547409  0.00000119
 658  1566989605.75547624  1566989605.75547743  0.00000119
 659  1566989605.75547981  1566989605.75548100  0.00000119
 660  1566989605.75548315  1566989605.75548434  0.00000119
 661  1566989605.75548673  1566989605.75548792  0.00000119
 662  1566989605.75549006  1566989605.75549126  0.00000119
 663  1566989605.75549364  1566989605.75549483  0.00000119
 664  1566989605.75549698  1566989605.75549817  0.00000119
 665  1566989605.75550056  1566989605.75550175  0.00000119
 666  1566989605.75550389  1566989605.75550508  0.00000119
 667  1566989605.75550747  1566989605.75550866  0.00000119
 668  1566989605.75551105  1566989605.75551224  0.00000119
 669  1566989605.75551438  1566989605.75551581  0.00000143
 670  1566989605.75551820  1566989605.75551939  0.00000119
 671  1566989605.75552154  1566989605.75552273  0.00000119
 672  1566989605.75552511  1566989605.75552630  0.00000119
 673  1566989605.75552869  1566989605.75552988  0.00000119
 674  1566989605.75553203  1566989605.75553322  0.00000119
 675  1566989605.75553560  1566989605.75553679  0.00000119
 676  1566989605.75553894  1566989605.75554013  0.00000119
 677  1566989605.75554252  1566989605.75554371  0.00000119
 678  1566989605.75554585  1566989605.75554705  0.00000119
 679  1566989605.75554943  1566989605.75555062  0.00000119
 680  1566989605.75555277  1566989605.75555396  0.00000119
 681  1566989605.75555634  1566989605.75555754  0.00000119
 682  1566989605.75555968  1566989605.75556111  0.00000143
 683  1566989605.75556326  1566989605.75556469  0.00000143
 684  1566989605.75556684  1566989605.75556803  0.00000119
 685  1566989605.75557041  1566989605.75557160  0.00000119
 686  1566989605.75557375  1566989605.75557494  0.00000119
 687  1566989605.75557733  1566989605.75557852  0.00000119
 688  1566989605.75558090  1566989605.75558186  0.00000095
 689  1566989605.75558424  1566989605.75558543  0.00000119
 690  1566989605.75558782  1566989605.75558901  0.00000119
 691  1566989605.75559115  1566989605.75559258  0.00000143
 692  1566989605.75559497  1566989605.75559616  0.00000119
 693  1566989605.75560069  1566989605.75560188  0.00000119
 694  1566989605.75560427  1566989605.75560522  0.00000095
 695  1566989605.75560760  1566989605.75560880  0.00000119
 696  1566989605.75561094  1566989605.75561213  0.00000119
 697  1566989605.75561452  1566989605.75561571  0.00000119
 698  1566989605.75561810  1566989605.75561929  0.00000119
 699  1566989605.75562143  1566989605.75562263  0.00000119
 700  1566989605.75562501  1566989605.75562620  0.00000119
 701  1566989605.75562859  1566989605.75562978  0.00000119
 702  1566989605.75563192  1566989605.75563312  0.00000119
 703  1566989605.75563550  1566989605.75563669  0.00000119
 704  1566989605.75563908  1566989605.75564027  0.00000119
 705  1566989605.75564241  1566989605.75564361  0.00000119
 706  1566989605.75564599  1566989605.75564766  0.00000167
 707  1566989605.75564981  1566989605.75565100  0.00000119
 708  1566989605.75565338  1566989605.75565481  0.00000143
 709  1566989605.75565696  1566989605.75565815  0.00000119
 710  1566989605.75566053  1566989605.75566173  0.00000119
 711  1566989605.75566387  1566989605.75566506  0.00000119
 712  1566989605.75566745  1566989605.75566864  0.00000119
 713  1566989605.75567079  1566989605.75567245  0.00000167
 714  1566989605.75567460  1566989605.75567579  0.00000119
 715  1566989605.75567818  1566989605.75567937  0.00000119
 716  1566989605.75568151  1566989605.75568271  0.00000119
 717  1566989605.75568509  1566989605.75568628  0.00000119
 718  1566989605.75568867  1566989605.75568986  0.00000119
 719  1566989605.75569201  1566989605.75569320  0.00000119
 720  1566989605.75569558  1566989605.75569677  0.00000119
 721  1566989605.75569916  1566989605.75570035  0.00000119
 722  1566989605.75570250  1566989605.75570369  0.00000119
 723  1566989605.75570607  1566989605.75570726  0.00000119
 724  1566989605.75570941  1566989605.75571060  0.00000119
 725  1566989605.75571275  1566989605.75571394  0.00000119
 726  1566989605.75571632  1566989605.75571752  0.00000119
 727  1566989605.75571990  1566989605.75572109  0.00000119
 728  1566989605.75572324  1566989605.75572443  0.00000119
 729  1566989605.75572681  1566989605.75572801  0.00000119
 730  1566989605.75573015  1566989605.75573158  0.00000143
 731  1566989605.75573373  1566989605.75573492  0.00000119
 732  1566989605.75573730  1566989605.75573826  0.00000095
 733  1566989605.75574064  1566989605.75574183  0.00000119
 734  1566989605.75574398  1566989605.75574517  0.00000119
 735  1566989605.75574756  1566989605.75574875  0.00000119
 736  1566989605.75575113  1566989605.75575233  0.00000119
 737  1566989605.75575447  1566989605.75575566  0.00000119
 738  1566989605.75575805  1566989605.75575924  0.00000119
 739  1566989605.75576138  1566989605.75576258  0.00000119
 740  1566989605.75576496  1566989605.75576615  0.00000119
 741  1566989605.75576854  1566989605.75576973  0.00000119
 742  1566989605.75577188  1566989605.75577307  0.00000119
 743  1566989605.75577545  1566989605.75577664  0.00000119
 744  1566989605.75577879  1566989605.75578022  0.00000143
 745  1566989605.75578237  1566989605.75578356  0.00000119
 746  1566989605.75578594  1566989605.75578737  0.00000143
 747  1566989605.75578952  1566989605.75579071  0.00000119
 748  1566989605.75579309  1566989605.75579429  0.00000119
 749  1566989605.75579643  1566989605.75579762  0.00000119
 750  1566989605.75580001  1566989605.75580120  0.00000119
 751  1566989605.75580335  1566989605.75580454  0.00000119
 752  1566989605.75580668  1566989605.75580788  0.00000119
 753  1566989605.75581026  1566989605.75581145  0.00000119
 754  1566989605.75581360  1566989605.75581479  0.00000119
 755  1566989605.75581717  1566989605.75581837  0.00000119
 756  1566989605.75582075  1566989605.75582194  0.00000119
 757  1566989605.75582433  1566989605.75582528  0.00000095
 758  1566989605.75582767  1566989605.75582886  0.00000119
 759  1566989605.75583124  1566989605.75583243  0.00000119
 760  1566989605.75583482  1566989605.75583577  0.00000095
 761  1566989605.75583816  1566989605.75583935  0.00000119
 762  1566989605.75584364  1566989605.75584483  0.00000119
 763  1566989605.75584722  1566989605.75584841  0.00000119
 764  1566989605.75585079  1566989605.75585198  0.00000119
 765  1566989605.75585413  1566989605.75585532  0.00000119
 766  1566989605.75585771  1566989605.75585890  0.00000119
 767  1566989605.75586128  1566989605.75586247  0.00000119
 768  1566989605.75586462  1566989605.75586581  0.00000119
 769  1566989605.75586820  1566989605.75586939  0.00000119
 770  1566989605.75587177  1566989605.75587273  0.00000095
 771  1566989605.75587511  1566989605.75587630  0.00000119
 772  1566989605.75587869  1566989605.75588012  0.00000143
 773  1566989605.75588250  1566989605.75588369  0.00000119
 774  1566989605.75588584  1566989605.75588703  0.00000119
 775  1566989605.75588918  1566989605.75589037  0.00000119
 776  1566989605.75589275  1566989605.75589371  0.00000095
 777  1566989605.75589609  1566989605.75589728  0.00000119
 778  1566989605.75589967  1566989605.75590062  0.00000095
 779  1566989605.75590301  1566989605.75590420  0.00000119
 780  1566989605.75590634  1566989605.75590754  0.00000119
 781  1566989605.75590992  1566989605.75591111  0.00000119
 782  1566989605.75591326  1566989605.75591445  0.00000119
 783  1566989605.75591683  1566989605.75591803  0.00000119
 784  1566989605.75592041  1566989605.75592160  0.00000119
 785  1566989605.75592375  1566989605.75592494  0.00000119
 786  1566989605.75592732  1566989605.75592852  0.00000119
 787  1566989605.75593066  1566989605.75593185  0.00000119
 788  1566989605.75593424  1566989605.75593543  0.00000119
 789  1566989605.75593781  1566989605.75593901  0.00000119
 790  1566989605.75594115  1566989605.75594234  0.00000119
 791  1566989605.75594473  1566989605.75594592  0.00000119
 792  1566989605.75594807  1566989605.75594926  0.00000119
 793  1566989605.75595164  1566989605.75595260  0.00000095
 794  1566989605.75595498  1566989605.75595617  0.00000119
 795  1566989605.75595856  1566989605.75595975  0.00000119
 796  1566989605.75596213  1566989605.75596333  0.00000119
 797  1566989605.75596547  1566989605.75596690  0.00000143
 798  1566989605.75596929  1566989605.75597048  0.00000119
 799  1566989605.75597286  1566989605.75597382  0.00000095
 800  1566989605.75597620  1566989605.75597739  0.00000119
 801  1566989605.75597978  1566989605.75598097  0.00000119
 802  1566989605.75598311  1566989605.75598431  0.00000119
 803  1566989605.75598669  1566989605.75598788  0.00000119
 804  1566989605.75599003  1566989605.75599122  0.00000119
 805  1566989605.75599360  1566989605.75599480  0.00000119
 806  1566989605.75599694  1566989605.75599813  0.00000119
 807  1566989605.75600052  1566989605.75600171  0.00000119
 808  1566989605.75600386  1566989605.75600505  0.00000119
 809  1566989605.75600719  1566989605.75600839  0.00000119
 810  1566989605.75601077  1566989605.75601172  0.00000095
 811  1566989605.75601411  1566989605.75601530  0.00000119
 812  1566989605.75601745  1566989605.75601840  0.00000095
 813  1566989605.75602078  1566989605.75602198  0.00000119
 814  1566989605.75602412  1566989605.75602531  0.00000119
 815  1566989605.75602746  1566989605.75602865  0.00000119
 816  1566989605.75603080  1566989605.75603199  0.00000119
 817  1566989605.75603437  1566989605.75603557  0.00000119
 818  1566989605.75603771  1566989605.75603890  0.00000119
 819  1566989605.75604105  1566989605.75604224  0.00000119
 820  1566989605.75604439  1566989605.75604558  0.00000119
 821  1566989605.75604796  1566989605.75604916  0.00000119
 822  1566989605.75605130  1566989605.75605273  0.00000143
 823  1566989605.75605512  1566989605.75605631  0.00000119
 824  1566989605.75605845  1566989605.75605965  0.00000119
 825  1566989605.75606179  1566989605.75606298  0.00000119
 826  1566989605.75606513  1566989605.75606632  0.00000119
 827  1566989605.75606871  1566989605.75606990  0.00000119
 828  1566989605.75607204  1566989605.75607347  0.00000143
 829  1566989605.75607562  1566989605.75607681  0.00000119
 830  1566989605.75607896  1566989605.75608015  0.00000119
 831  1566989605.75608230  1566989605.75608373  0.00000143
 832  1566989605.75608778  1566989605.75608897  0.00000119
 833  1566989605.75609136  1566989605.75609255  0.00000119
 834  1566989605.75609469  1566989605.75609589  0.00000119
 835  1566989605.75609827  1566989605.75609946  0.00000119
 836  1566989605.75610161  1566989605.75610280  0.00000119
 837  1566989605.75610495  1566989605.75610614  0.00000119
 838  1566989605.75610828  1566989605.75610948  0.00000119
 839  1566989605.75611186  1566989605.75611305  0.00000119
 840  1566989605.75611520  1566989605.75611639  0.00000119
 841  1566989605.75611877  1566989605.75611997  0.00000119
 842  1566989605.75612211  1566989605.75612330  0.00000119
 843  1566989605.75612569  1566989605.75612688  0.00000119
 844  1566989605.75612903  1566989605.75613022  0.00000119
 845  1566989605.75613236  1566989605.75613356  0.00000119
 846  1566989605.75613594  1566989605.75613713  0.00000119
 847  1566989605.75613928  1566989605.75614047  0.00000119
 848  1566989605.75614285  1566989605.75614405  0.00000119
 849  1566989605.75614619  1566989605.75614738  0.00000119
 850  1566989605.75614977  1566989605.75615096  0.00000119
 851  1566989605.75615335  1566989605.75615454  0.00000119
 852  1566989605.75615668  1566989605.75615788  0.00000119
 853  1566989605.75616026  1566989605.75616145  0.00000119
 854  1566989605.75616360  1566989605.75616479  0.00000119
 855  1566989605.75616717  1566989605.75616837  0.00000119
 856  1566989605.75617075  1566989605.75617218  0.00000143
 857  1566989605.75617456  1566989605.75617576  0.00000119
 858  1566989605.75617790  1566989605.75617909  0.00000119
 859  1566989605.75618148  1566989605.75618267  0.00000119
 860  1566989605.75618482  1566989605.75618601  0.00000119
 861  1566989605.75618839  1566989605.75618958  0.00000119
 862  1566989605.75619173  1566989605.75619340  0.00000167
 863  1566989605.75619555  1566989605.75619674  0.00000119
 864  1566989605.75619912  1566989605.75620031  0.00000119
 865  1566989605.75620270  1566989605.75620389  0.00000119
 866  1566989605.75620604  1566989605.75620723  0.00000119
 867  1566989605.75620937  1566989605.75621057  0.00000119
 868  1566989605.75621271  1566989605.75621390  0.00000119
 869  1566989605.75621629  1566989605.75621748  0.00000119
 870  1566989605.75621986  1566989605.75622106  0.00000119
 871  1566989605.75622320  1566989605.75622463  0.00000143
 872  1566989605.75622702  1566989605.75622821  0.00000119
 873  1566989605.75623035  1566989605.75623155  0.00000119
 874  1566989605.75623393  1566989605.75623512  0.00000119
 875  1566989605.75623727  1566989605.75623846  0.00000119
 876  1566989605.75624084  1566989605.75624204  0.00000119
 877  1566989605.75624418  1566989605.75624537  0.00000119
 878  1566989605.75624776  1566989605.75624895  0.00000119
 879  1566989605.75625110  1566989605.75625229  0.00000119
 880  1566989605.75625467  1566989605.75625587  0.00000119
 881  1566989605.75625801  1566989605.75625920  0.00000119
 882  1566989605.75626159  1566989605.75626278  0.00000119
 883  1566989605.75626493  1566989605.75626636  0.00000143
 884  1566989605.75626850  1566989605.75626969  0.00000119
 885  1566989605.75627208  1566989605.75627327  0.00000119
 886  1566989605.75627565  1566989605.75627685  0.00000119
 887  1566989605.75627899  1566989605.75628042  0.00000143
 888  1566989605.75628281  1566989605.75628400  0.00000119
 889  1566989605.75628614  1566989605.75628734  0.00000119
 890  1566989605.75628972  1566989605.75629091  0.00000119
 891  1566989605.75629330  1566989605.75629449  0.00000119
 892  1566989605.75629663  1566989605.75629783  0.00000119
 893  1566989605.75630021  1566989605.75630164  0.00000143
 894  1566989605.75630403  1566989605.75630498  0.00000095
 895  1566989605.75630736  1566989605.75630856  0.00000119
 896  1566989605.75631070  1566989605.75631189  0.00000119
 897  1566989605.75631404  1566989605.75631523  0.00000119
 898  1566989605.75631762  1566989605.75631881  0.00000119
 899  1566989605.75632119  1566989605.75632238  0.00000119
 900  1566989605.75632453  1566989605.75632596  0.00000143
 901  1566989605.75633025  1566989605.75633144  0.00000119
 902  1566989605.75633383  1566989605.75633502  0.00000119
 903  1566989605.75633717  1566989605.75633836  0.00000119
 904  1566989605.75634074  1566989605.75634193  0.00000119
 905  1566989605.75634432  1566989605.75634551  0.00000119
 906  1566989605.75634766  1566989605.75634885  0.00000119
 907  1566989605.75635123  1566989605.75635242  0.00000119
 908  1566989605.75635481  1566989605.75635600  0.00000119
 909  1566989605.75635815  1566989605.75635934  0.00000119
 910  1566989605.75636172  1566989605.75636292  0.00000119
 911  1566989605.75636530  1566989605.75636649  0.00000119
 912  1566989605.75636888  1566989605.75637007  0.00000119
 913  1566989605.75637245  1566989605.75637364  0.00000119
 914  1566989605.75637579  1566989605.75637698  0.00000119
 915  1566989605.75637937  1566989605.75638056  0.00000119
 916  1566989605.75638294  1566989605.75638413  0.00000119
 917  1566989605.75638628  1566989605.75638747  0.00000119
 918  1566989605.75638986  1566989605.75639105  0.00000119
 919  1566989605.75639343  1566989605.75639462  0.00000119
 920  1566989605.75639677  1566989605.75639796  0.00000119
 921  1566989605.75640011  1566989605.75640130  0.00000119
 922  1566989605.75640345  1566989605.75640464  0.00000119
 923  1566989605.75640702  1566989605.75640821  0.00000119
 924  1566989605.75641036  1566989605.75641179  0.00000143
 925  1566989605.75641394  1566989605.75641513  0.00000119
 926  1566989605.75641751  1566989605.75641870  0.00000119
 927  1566989605.75642085  1566989605.75642228  0.00000143
 928  1566989605.75642443  1566989605.75642562  0.00000119
 929  1566989605.75642800  1566989605.75642920  0.00000119
 930  1566989605.75643158  1566989605.75643277  0.00000119
 931  1566989605.75643492  1566989605.75643611  0.00000119
 932  1566989605.75643826  1566989605.75643969  0.00000143
 933  1566989605.75644207  1566989605.75644302  0.00000095
 934  1566989605.75644541  1566989605.75644660  0.00000119
 935  1566989605.75644875  1566989605.75645018  0.00000143
 936  1566989605.75645232  1566989605.75645351  0.00000119
 937  1566989605.75645590  1566989605.75645733  0.00000143
 938  1566989605.75645947  1566989605.75646067  0.00000119
 939  1566989605.75646305  1566989605.75646424  0.00000119
 940  1566989605.75646639  1566989605.75646758  0.00000119
 941  1566989605.75646996  1566989605.75647116  0.00000119
 942  1566989605.75647330  1566989605.75647473  0.00000143
 943  1566989605.75647688  1566989605.75647807  0.00000119
 944  1566989605.75648046  1566989605.75648189  0.00000143
 945  1566989605.75648403  1566989605.75648522  0.00000119
 946  1566989605.75648761  1566989605.75648880  0.00000119
 947  1566989605.75649095  1566989605.75649214  0.00000119
 948  1566989605.75649452  1566989605.75649571  0.00000119
 949  1566989605.75649810  1566989605.75649929  0.00000119
 950  1566989605.75650144  1566989605.75650263  0.00000119
 951  1566989605.75650477  1566989605.75650597  0.00000119
 952  1566989605.75650835  1566989605.75650954  0.00000119
 953  1566989605.75651169  1566989605.75651312  0.00000143
 954  1566989605.75651550  1566989605.75651693  0.00000143
 955  1566989605.75651932  1566989605.75652075  0.00000143
 956  1566989605.75652313  1566989605.75652432  0.00000119
 957  1566989605.75652647  1566989605.75652766  0.00000119
 958  1566989605.75653005  1566989605.75653124  0.00000119
 959  1566989605.75653338  1566989605.75653458  0.00000119
 960  1566989605.75653696  1566989605.75653815  0.00000119
 961  1566989605.75654030  1566989605.75654149  0.00000119
 962  1566989605.75654387  1566989605.75654507  0.00000119
 963  1566989605.75654721  1566989605.75654864  0.00000143
 964  1566989605.75655079  1566989605.75655222  0.00000143
 965  1566989605.75655437  1566989605.75655556  0.00000119
 966  1566989605.75655794  1566989605.75655913  0.00000119
 967  1566989605.75656128  1566989605.75656271  0.00000143
 968  1566989605.75656509  1566989605.75656629  0.00000119
 969  1566989605.75656843  1566989605.75656962  0.00000119
 970  1566989605.75657439  1566989605.75657558  0.00000119
 971  1566989605.75657797  1566989605.75657916  0.00000119
 972  1566989605.75658154  1566989605.75658274  0.00000119
 973  1566989605.75658488  1566989605.75658607  0.00000119
 974  1566989605.75658846  1566989605.75658965  0.00000119
 975  1566989605.75659180  1566989605.75659323  0.00000143
 976  1566989605.75659537  1566989605.75659657  0.00000119
 977  1566989605.75659895  1566989605.75660014  0.00000119
 978  1566989605.75660253  1566989605.75660372  0.00000119
 979  1566989605.75660586  1566989605.75660706  0.00000119
 980  1566989605.75660920  1566989605.75661039  0.00000119
 981  1566989605.75661278  1566989605.75661397  0.00000119
 982  1566989605.75661635  1566989605.75661755  0.00000119
 983  1566989605.75661993  1566989605.75662088  0.00000095
 984  1566989605.75662327  1566989605.75662446  0.00000119
 985  1566989605.75662684  1566989605.75662804  0.00000119
 986  1566989605.75663018  1566989605.75663137  0.00000119
 987  1566989605.75663376  1566989605.75663495  0.00000119
 988  1566989605.75663710  1566989605.75663829  0.00000119
 989  1566989605.75664067  1566989605.75664186  0.00000119
 990  1566989605.75664401  1566989605.75664544  0.00000143
 991  1566989605.75664783  1566989605.75664902  0.00000119
 992  1566989605.75665116  1566989605.75665236  0.00000119
 993  1566989605.75665474  1566989605.75665593  0.00000119
 994  1566989605.75665832  1566989605.75665951  0.00000119
 995  1566989605.75666165  1566989605.75666285  0.00000119
 996  1566989605.75666523  1566989605.75666642  0.00000119
 997  1566989605.75666881  1566989605.75667000  0.00000119
 998  1566989605.75667238  1566989605.75667357  0.00000119
 999  1566989605.75667572  1566989605.75667691  0.00000119
1000  1566989605.75667930  1566989605.75668049  0.00000119
***************************************************

*** Avg round trip time = 1.262 microseconds
*** Avg one way latency = 0.631 microseconds
task 1 has started...
