salloc -N 2 --ntasks-per-node=1

task 0 has started...
Beginning latency timing test. Number of reps = 1000.
***************************************************
Rep#       T1               T2            deltaT
   1  1566989656.43269253  1566989656.43270421  0.00001168
   2  1566989656.43271542  1566989656.43271828  0.00000286
   3  1566989656.43272090  1566989656.43272328  0.00000238
   4  1566989656.43272567  1566989656.43272805  0.00000238
   5  1566989656.43273020  1566989656.43273282  0.00000262
   6  1566989656.43273497  1566989656.43273735  0.00000238
   7  1566989656.43273950  1566989656.43274188  0.00000238
   8  1566989656.43274403  1566989656.43274665  0.00000262
   9  1566989656.43274879  1566989656.43275499  0.00000620
  10  1566989656.43275738  1566989656.43275976  0.00000238
  11  1566989656.43276191  1566989656.43276429  0.00000238
  12  1566989656.43276644  1566989656.43276882  0.00000238
  13  1566989656.43277097  1566989656.43277359  0.00000262
  14  1566989656.43277574  1566989656.43277812  0.00000238
  15  1566989656.43278027  1566989656.43278265  0.00000238
  16  1566989656.43278480  1566989656.43278718  0.00000238
  17  1566989656.43278933  1566989656.43279195  0.00000262
  18  1566989656.43279409  1566989656.43279648  0.00000238
  19  1566989656.43279862  1566989656.43280101  0.00000238
  20  1566989656.43280315  1566989656.43280554  0.00000238
  21  1566989656.43280768  1566989656.43281054  0.00000286
  22  1566989656.43281269  1566989656.43281507  0.00000238
  23  1566989656.43281722  1566989656.43281984  0.00000262
  24  1566989656.43282199  1566989656.43282437  0.00000238
  25  1566989656.43282652  1566989656.43282914  0.00000262
  26  1566989656.43283105  1566989656.43283367  0.00000262
  27  1566989656.43283558  1566989656.43283820  0.00000262
  28  1566989656.43284035  1566989656.43284273  0.00000238
  29  1566989656.43284488  1566989656.43284726  0.00000238
  30  1566989656.43284941  1566989656.43285179  0.00000238
  31  1566989656.43285394  1566989656.43285656  0.00000262
  32  1566989656.43285871  1566989656.43286109  0.00000238
  33  1566989656.43286324  1566989656.43286586  0.00000262
  34  1566989656.43286800  1566989656.43287039  0.00000238
  35  1566989656.43287253  1566989656.43287492  0.00000238
  36  1566989656.43287706  1566989656.43287945  0.00000238
  37  1566989656.43288159  1566989656.43288422  0.00000262
  38  1566989656.43288636  1566989656.43288875  0.00000238
  39  1566989656.43289089  1566989656.43289328  0.00000238
  40  1566989656.43289542  1566989656.43289781  0.00000238
  41  1566989656.43289995  1566989656.43290281  0.00000286
  42  1566989656.43290472  1566989656.43290734  0.00000262
  43  1566989656.43290925  1566989656.43291163  0.00000238
  44  1566989656.43291378  1566989656.43291640  0.00000262
  45  1566989656.43291855  1566989656.43292093  0.00000238
  46  1566989656.43292308  1566989656.43292570  0.00000262
  47  1566989656.43292785  1566989656.43293023  0.00000238
  48  1566989656.43293238  1566989656.43293500  0.00000262
  49  1566989656.43293715  1566989656.43293977  0.00000262
  50  1566989656.43294191  1566989656.43294430  0.00000238
  51  1566989656.43294644  1566989656.43294883  0.00000238
  52  1566989656.43295097  1566989656.43295336  0.00000238
  53  1566989656.43295550  1566989656.43295789  0.00000238
  54  1566989656.43296003  1566989656.43296242  0.00000238
  55  1566989656.43296456  1566989656.43296695  0.00000238
  56  1566989656.43296909  1566989656.43297148  0.00000238
  57  1566989656.43297362  1566989656.43297625  0.00000262
  58  1566989656.43297815  1566989656.43298078  0.00000262
  59  1566989656.43298292  1566989656.43298531  0.00000238
  60  1566989656.43298745  1566989656.43298984  0.00000238
  61  1566989656.43299198  1566989656.43299437  0.00000238
  62  1566989656.43299651  1566989656.43299890  0.00000238
  63  1566989656.43300104  1566989656.43300366  0.00000262
  64  1566989656.43300581  1566989656.43300819  0.00000238
  65  1566989656.43301010  1566989656.43301272  0.00000262
  66  1566989656.43301487  1566989656.43301725  0.00000238
  67  1566989656.43301940  1566989656.43302226  0.00000286
  68  1566989656.43303204  1566989656.43303466  0.00000262
  69  1566989656.43303680  1566989656.43305111  0.00001431
  70  1566989656.43305349  1566989656.43305612  0.00000262
  71  1566989656.43305826  1566989656.43306065  0.00000238
  72  1566989656.43306303  1566989656.43306541  0.00000238
  73  1566989656.43306756  1566989656.43307018  0.00000262
  74  1566989656.43307233  1566989656.43307471  0.00000238
  75  1566989656.43307710  1566989656.43307948  0.00000238
  76  1566989656.43308163  1566989656.43308425  0.00000262
  77  1566989656.43308640  1566989656.43308902  0.00000262
  78  1566989656.43309116  1566989656.43309379  0.00000262
  79  1566989656.43309593  1566989656.43309832  0.00000238
  80  1566989656.43310070  1566989656.43310332  0.00000262
  81  1566989656.43310547  1566989656.43310809  0.00000262
  82  1566989656.43311024  1566989656.43311262  0.00000238
  83  1566989656.43311501  1566989656.43311787  0.00000286
  84  1566989656.43312001  1566989656.43312263  0.00000262
  85  1566989656.43312478  1566989656.43312740  0.00000262
  86  1566989656.43312979  1566989656.43313217  0.00000238
  87  1566989656.43313432  1566989656.43313694  0.00000262
  88  1566989656.43313909  1566989656.43314147  0.00000238
  89  1566989656.43314385  1566989656.43314624  0.00000238
  90  1566989656.43314862  1566989656.43315101  0.00000238
  91  1566989656.43315315  1566989656.43315578  0.00000262
  92  1566989656.43315792  1566989656.43316054  0.00000262
  93  1566989656.43316269  1566989656.43316531  0.00000262
  94  1566989656.43316770  1566989656.43317008  0.00000238
  95  1566989656.43317223  1566989656.43317485  0.00000262
  96  1566989656.43317699  1566989656.43317938  0.00000238
  97  1566989656.43318176  1566989656.43318439  0.00000262
  98  1566989656.43318653  1566989656.43318892  0.00000238
  99  1566989656.43319130  1566989656.43319368  0.00000238
 100  1566989656.43319607  1566989656.43319845  0.00000238
 101  1566989656.43320084  1566989656.43320322  0.00000238
 102  1566989656.43320560  1566989656.43320799  0.00000238
 103  1566989656.43321037  1566989656.43321276  0.00000238
 104  1566989656.43321490  1566989656.43321753  0.00000262
 105  1566989656.43321967  1566989656.43322229  0.00000262
 106  1566989656.43322444  1566989656.43322682  0.00000238
 107  1566989656.43322921  1566989656.43323159  0.00000238
 108  1566989656.43323374  1566989656.43323636  0.00000262
 109  1566989656.43323851  1566989656.43324113  0.00000262
 110  1566989656.43324327  1566989656.43324590  0.00000262
 111  1566989656.43324804  1566989656.43325043  0.00000238
 112  1566989656.43325281  1566989656.43325520  0.00000238
 113  1566989656.43325758  1566989656.43326020  0.00000262
 114  1566989656.43326235  1566989656.43326473  0.00000238
 115  1566989656.43326712  1566989656.43326950  0.00000238
 116  1566989656.43327165  1566989656.43327427  0.00000262
 117  1566989656.43327641  1566989656.43327904  0.00000262
 118  1566989656.43328142  1566989656.43328381  0.00000238
 119  1566989656.43328595  1566989656.43328857  0.00000262
 120  1566989656.43329072  1566989656.43329310  0.00000238
 121  1566989656.43329549  1566989656.43329787  0.00000238
 122  1566989656.43330026  1566989656.43330264  0.00000238
 123  1566989656.43330479  1566989656.43330717  0.00000238
 124  1566989656.43330956  1566989656.43331194  0.00000238
 125  1566989656.43331409  1566989656.43331671  0.00000262
 126  1566989656.43331909  1566989656.43332148  0.00000238
 127  1566989656.43332386  1566989656.43332624  0.00000238
 128  1566989656.43332863  1566989656.43333101  0.00000238
 129  1566989656.43333316  1566989656.43333578  0.00000262
 130  1566989656.43333793  1566989656.43334055  0.00000262
 131  1566989656.43334270  1566989656.43334508  0.00000238
 132  1566989656.43334746  1566989656.43334985  0.00000238
 133  1566989656.43335223  1566989656.43335462  0.00000238
 134  1566989656.43335676  1566989656.43335938  0.00000262
 135  1566989656.43336153  1566989656.43336391  0.00000238
 136  1566989656.43336630  1566989656.43336868  0.00000238
 137  1566989656.43337417  1566989656.43337655  0.00000238
 138  1566989656.43337893  1566989656.43338156  0.00000262
 139  1566989656.43338370  1566989656.43338633  0.00000262
 140  1566989656.43338847  1566989656.43339109  0.00000262
 141  1566989656.43339324  1566989656.43339562  0.00000238
 142  1566989656.43339801  1566989656.43340039  0.00000238
 143  1566989656.43340254  1566989656.43340516  0.00000262
 144  1566989656.43340731  1566989656.43340993  0.00000262
 145  1566989656.43341208  1566989656.43341446  0.00000238
 146  1566989656.43341684  1566989656.43341923  0.00000238
 147  1566989656.43342137  1566989656.43342400  0.00000262
 148  1566989656.43342614  1566989656.43342876  0.00000262
 149  1566989656.43343091  1566989656.43343353  0.00000262
 150  1566989656.43343568  1566989656.43343806  0.00000238
 151  1566989656.43344045  1566989656.43344283  0.00000238
 152  1566989656.43344522  1566989656.43344760  0.00000238
 153  1566989656.43344998  1566989656.43345237  0.00000238
 154  1566989656.43345475  1566989656.43345714  0.00000238
 155  1566989656.43345952  1566989656.43346190  0.00000238
 156  1566989656.43346405  1566989656.43346667  0.00000262
 157  1566989656.43346882  1566989656.43347144  0.00000262
 158  1566989656.43347359  1566989656.43347621  0.00000262
 159  1566989656.43347836  1566989656.43348098  0.00000262
 160  1566989656.43348312  1566989656.43348575  0.00000262
 161  1566989656.43348789  1566989656.43349028  0.00000238
 162  1566989656.43349266  1566989656.43349504  0.00000238
 163  1566989656.43349743  1566989656.43349981  0.00000238
 164  1566989656.43350220  1566989656.43350458  0.00000238
 165  1566989656.43350673  1566989656.43350935  0.00000262
 166  1566989656.43351150  1566989656.43351388  0.00000238
 167  1566989656.43351626  1566989656.43351889  0.00000262
 168  1566989656.43352127  1566989656.43352365  0.00000238
 169  1566989656.43352580  1566989656.43352818  0.00000238
 170  1566989656.43353057  1566989656.43353295  0.00000238
 171  1566989656.43353510  1566989656.43353748  0.00000238
 172  1566989656.43353987  1566989656.43354225  0.00000238
 173  1566989656.43354464  1566989656.43354702  0.00000238
 174  1566989656.43354917  1566989656.43355179  0.00000262
 175  1566989656.43355393  1566989656.43355632  0.00000238
 176  1566989656.43355870  1566989656.43356109  0.00000238
 177  1566989656.43356323  1566989656.43356586  0.00000262
 178  1566989656.43356800  1566989656.43357038  0.00000238
 179  1566989656.43357277  1566989656.43357515  0.00000238
 180  1566989656.43357730  1566989656.43357992  0.00000262
 181  1566989656.43358207  1566989656.43358469  0.00000262
 182  1566989656.43358684  1566989656.43358922  0.00000238
 183  1566989656.43359160  1566989656.43359399  0.00000238
 184  1566989656.43359613  1566989656.43359876  0.00000262
 185  1566989656.43360090  1566989656.43360329  0.00000238
 186  1566989656.43360543  1566989656.43360806  0.00000262
 187  1566989656.43361020  1566989656.43361259  0.00000238
 188  1566989656.43361497  1566989656.43361783  0.00000286
 189  1566989656.43361998  1566989656.43362260  0.00000262
 190  1566989656.43362474  1566989656.43362737  0.00000262
 191  1566989656.43362951  1566989656.43363214  0.00000262
 192  1566989656.43363428  1566989656.43363667  0.00000238
 193  1566989656.43363905  1566989656.43364167  0.00000262
 194  1566989656.43364382  1566989656.43364644  0.00000262
 195  1566989656.43364859  1566989656.43365121  0.00000262
 196  1566989656.43365335  1566989656.43365574  0.00000238
 197  1566989656.43365812  1566989656.43366051  0.00000238
 198  1566989656.43366265  1566989656.43366504  0.00000238
 199  1566989656.43366742  1566989656.43367004  0.00000262
 200  1566989656.43367219  1566989656.43367457  0.00000238
 201  1566989656.43367696  1566989656.43367958  0.00000262
 202  1566989656.43368173  1566989656.43368435  0.00000262
 203  1566989656.43368673  1566989656.43368912  0.00000238
 204  1566989656.43370223  1566989656.43370485  0.00000262
 205  1566989656.43370700  1566989656.43370938  0.00000238
 206  1566989656.43371153  1566989656.43371391  0.00000238
 207  1566989656.43371749  1566989656.43372011  0.00000262
 208  1566989656.43372226  1566989656.43373728  0.00001502
 209  1566989656.43373966  1566989656.43374228  0.00000262
 210  1566989656.43374467  1566989656.43374705  0.00000238
 211  1566989656.43376017  1566989656.43376255  0.00000238
 212  1566989656.43376470  1566989656.43376708  0.00000238
 213  1566989656.43376923  1566989656.43377161  0.00000238
 214  1566989656.43377376  1566989656.43377638  0.00000262
 215  1566989656.43377829  1566989656.43378091  0.00000262
 216  1566989656.43378305  1566989656.43378544  0.00000238
 217  1566989656.43378758  1566989656.43378997  0.00000238
 218  1566989656.43379211  1566989656.43379474  0.00000262
 219  1566989656.43379688  1566989656.43379927  0.00000238
 220  1566989656.43380141  1566989656.43380380  0.00000238
 221  1566989656.43380594  1566989656.43380833  0.00000238
 222  1566989656.43381047  1566989656.43381286  0.00000238
 223  1566989656.43382621  1566989656.43382883  0.00000262
 224  1566989656.43383121  1566989656.43383360  0.00000238
 225  1566989656.43383598  1566989656.43383884  0.00000286
 226  1566989656.43384099  1566989656.43384361  0.00000262
 227  1566989656.43384576  1566989656.43384814  0.00000238
 228  1566989656.43385053  1566989656.43385291  0.00000238
 229  1566989656.43385530  1566989656.43385768  0.00000238
 230  1566989656.43386006  1566989656.43386245  0.00000238
 231  1566989656.43386483  1566989656.43386722  0.00000238
 232  1566989656.43386936  1566989656.43387198  0.00000262
 233  1566989656.43387413  1566989656.43387675  0.00000262
 234  1566989656.43387890  1566989656.43388128  0.00000238
 235  1566989656.43388367  1566989656.43388605  0.00000238
 236  1566989656.43388844  1566989656.43389082  0.00000238
 237  1566989656.43389320  1566989656.43389559  0.00000238
 238  1566989656.43389797  1566989656.43390036  0.00000238
 239  1566989656.43390250  1566989656.43390489  0.00000238
 240  1566989656.43390727  1566989656.43390965  0.00000238
 241  1566989656.43391204  1566989656.43391466  0.00000262
 242  1566989656.43391681  1566989656.43391919  0.00000238
 243  1566989656.43392158  1566989656.43392396  0.00000238
 244  1566989656.43392634  1566989656.43392873  0.00000238
 245  1566989656.43393111  1566989656.43393350  0.00000238
 246  1566989656.43393588  1566989656.43393826  0.00000238
 247  1566989656.43394041  1566989656.43394303  0.00000262
 248  1566989656.43394518  1566989656.43394756  0.00000238
 249  1566989656.43394995  1566989656.43395233  0.00000238
 250  1566989656.43395472  1566989656.43395710  0.00000238
 251  1566989656.43395948  1566989656.43396187  0.00000238
 252  1566989656.43396425  1566989656.43396664  0.00000238
 253  1566989656.43396878  1566989656.43397117  0.00000238
 254  1566989656.43397355  1566989656.43397593  0.00000238
 255  1566989656.43397808  1566989656.43398070  0.00000262
 256  1566989656.43398285  1566989656.43398523  0.00000238
 257  1566989656.43398762  1566989656.43399024  0.00000262
 258  1566989656.43399239  1566989656.43399501  0.00000262
 259  1566989656.43399715  1566989656.43399954  0.00000238
 260  1566989656.43400192  1566989656.43400431  0.00000238
 261  1566989656.43400645  1566989656.43400884  0.00000238
 262  1566989656.43401122  1566989656.43401361  0.00000238
 263  1566989656.43401575  1566989656.43401837  0.00000262
 264  1566989656.43402052  1566989656.43402290  0.00000238
 265  1566989656.43402505  1566989656.43402767  0.00000262
 266  1566989656.43402982  1566989656.43403244  0.00000262
 267  1566989656.43403459  1566989656.43403697  0.00000238
 268  1566989656.43403912  1566989656.43404174  0.00000262
 269  1566989656.43404388  1566989656.43404627  0.00000238
 270  1566989656.43404865  1566989656.43405104  0.00000238
 271  1566989656.43405318  1566989656.43405581  0.00000262
 272  1566989656.43405795  1566989656.43406057  0.00000262
 273  1566989656.43406272  1566989656.43406510  0.00000238
 274  1566989656.43406725  1566989656.43406987  0.00000262
 275  1566989656.43407202  1566989656.43407440  0.00000238
 276  1566989656.43407893  1566989656.43408132  0.00000238
 277  1566989656.43408370  1566989656.43408632  0.00000262
 278  1566989656.43408847  1566989656.43409085  0.00000238
 279  1566989656.43409324  1566989656.43409562  0.00000238
 280  1566989656.43409777  1566989656.43410039  0.00000262
 281  1566989656.43410254  1566989656.43410492  0.00000238
 282  1566989656.43410707  1566989656.43410969  0.00000262
 283  1566989656.43411183  1566989656.43411446  0.00000262
 284  1566989656.43411660  1566989656.43411922  0.00000262
 285  1566989656.43412137  1566989656.43412375  0.00000238
 286  1566989656.43412614  1566989656.43412852  0.00000238
 287  1566989656.43413091  1566989656.43413329  0.00000238
 288  1566989656.43413544  1566989656.43413806  0.00000262
 289  1566989656.43414021  1566989656.43414283  0.00000262
 290  1566989656.43414521  1566989656.43414760  0.00000238
 291  1566989656.43414998  1566989656.43415236  0.00000238
 292  1566989656.43415451  1566989656.43415737  0.00000286
 293  1566989656.43415952  1566989656.43416214  0.00000262
 294  1566989656.43416429  1566989656.43416691  0.00000262
 295  1566989656.43416905  1566989656.43417168  0.00000262
 296  1566989656.43417382  1566989656.43417621  0.00000238
 297  1566989656.43417859  1566989656.43418097  0.00000238
 298  1566989656.43418312  1566989656.43418574  0.00000262
 299  1566989656.43418789  1566989656.43419027  0.00000238
 300  1566989656.43419266  1566989656.43419504  0.00000238
 301  1566989656.43419743  1566989656.43420029  0.00000286
 302  1566989656.43420267  1566989656.43420506  0.00000238
 303  1566989656.43420720  1566989656.43420959  0.00000238
 304  1566989656.43421197  1566989656.43421435  0.00000238
 305  1566989656.43421674  1566989656.43421912  0.00000238
 306  1566989656.43422127  1566989656.43422389  0.00000262
 307  1566989656.43422604  1566989656.43422842  0.00000238
 308  1566989656.43423080  1566989656.43423319  0.00000238
 309  1566989656.43423533  1566989656.43423796  0.00000262
 310  1566989656.43424010  1566989656.43424249  0.00000238
 311  1566989656.43424487  1566989656.43424726  0.00000238
 312  1566989656.43424940  1566989656.43425179  0.00000238
 313  1566989656.43425417  1566989656.43425655  0.00000238
 314  1566989656.43425894  1566989656.43426132  0.00000238
 315  1566989656.43426347  1566989656.43426609  0.00000262
 316  1566989656.43426824  1566989656.43427062  0.00000238
 317  1566989656.43427300  1566989656.43427539  0.00000238
 318  1566989656.43427753  1566989656.43427992  0.00000238
 319  1566989656.43428230  1566989656.43428469  0.00000238
 320  1566989656.43428707  1566989656.43428946  0.00000238
 321  1566989656.43429160  1566989656.43429422  0.00000262
 322  1566989656.43429637  1566989656.43429899  0.00000262
 323  1566989656.43430114  1566989656.43430376  0.00000262
 324  1566989656.43430591  1566989656.43430829  0.00000238
 325  1566989656.43431067  1566989656.43431306  0.00000238
 326  1566989656.43431520  1566989656.43431783  0.00000262
 327  1566989656.43431997  1566989656.43432260  0.00000262
 328  1566989656.43432474  1566989656.43432713  0.00000238
 329  1566989656.43432951  1566989656.43433189  0.00000238
 330  1566989656.43433404  1566989656.43433976  0.00000572
 331  1566989656.43434191  1566989656.43434429  0.00000238
 332  1566989656.43434668  1566989656.43434906  0.00000238
 333  1566989656.43435121  1566989656.43435383  0.00000262
 334  1566989656.43435597  1566989656.43437314  0.00001717
 335  1566989656.43437552  1566989656.43438125  0.00000572
 336  1566989656.43438363  1566989656.43438649  0.00000286
 337  1566989656.43438864  1566989656.43439126  0.00000262
 338  1566989656.43439341  1566989656.43439603  0.00000262
 339  1566989656.43439841  1566989656.43440104  0.00000262
 340  1566989656.43440318  1566989656.43441629  0.00001311
 341  1566989656.43441844  1566989656.43442106  0.00000262
 342  1566989656.43442321  1566989656.43442583  0.00000262
 343  1566989656.43442798  1566989656.43443036  0.00000238
 344  1566989656.43443251  1566989656.43443513  0.00000262
 345  1566989656.43443727  1566989656.43443966  0.00000238
 346  1566989656.43444371  1566989656.43444633  0.00000262
 347  1566989656.43444848  1566989656.43446159  0.00001311
 348  1566989656.43446374  1566989656.43446636  0.00000262
 349  1566989656.43446851  1566989656.43447113  0.00000262
 350  1566989656.43447328  1566989656.43447590  0.00000262
 351  1566989656.43447804  1566989656.43448067  0.00000262
 352  1566989656.43448281  1566989656.43448544  0.00000262
 353  1566989656.43448782  1566989656.43449020  0.00000238
 354  1566989656.43449259  1566989656.43449521  0.00000262
 355  1566989656.43449736  1566989656.43449998  0.00000262
 356  1566989656.43450212  1566989656.43450475  0.00000262
 357  1566989656.43450689  1566989656.43450952  0.00000262
 358  1566989656.43451166  1566989656.43451428  0.00000262
 359  1566989656.43451643  1566989656.43451905  0.00000262
 360  1566989656.43452144  1566989656.43452382  0.00000238
 361  1566989656.43452621  1566989656.43452859  0.00000238
 362  1566989656.43453097  1566989656.43453360  0.00000262
 363  1566989656.43453574  1566989656.43453836  0.00000262
 364  1566989656.43454075  1566989656.43454313  0.00000238
 365  1566989656.43454552  1566989656.43454790  0.00000238
 366  1566989656.43455029  1566989656.43455291  0.00000262
 367  1566989656.43455505  1566989656.43455791  0.00000286
 368  1566989656.43456006  1566989656.43456268  0.00000262
 369  1566989656.43456483  1566989656.43456745  0.00000262
 370  1566989656.43456984  1566989656.43457222  0.00000238
 371  1566989656.43457460  1566989656.43457699  0.00000238
 372  1566989656.43457937  1566989656.43458200  0.00000262
 373  1566989656.43458414  1566989656.43458676  0.00000262
 374  1566989656.43458915  1566989656.43459177  0.00000262
 375  1566989656.43459392  1566989656.43459654  0.00000262
 376  1566989656.43459868  1566989656.43460131  0.00000262
 377  1566989656.43460345  1566989656.43460608  0.00000262
 378  1566989656.43460822  1566989656.43461108  0.00000286
 379  1566989656.43461323  1566989656.43461585  0.00000262
 380  1566989656.43461823  1566989656.43462062  0.00000238
 381  1566989656.43462300  1566989656.43462563  0.00000262
 382  1566989656.43462777  1566989656.43463039  0.00000262
 383  1566989656.43463254  1566989656.43463540  0.00000286
 384  1566989656.43463755  1566989656.43464017  0.00000262
 385  1566989656.43464231  1566989656.43464494  0.00000262
 386  1566989656.43464708  1566989656.43464994  0.00000286
 387  1566989656.43465233  1566989656.43466330  0.00001097
 388  1566989656.43466568  1566989656.43466806  0.00000238
 389  1566989656.43467021  1566989656.43467259  0.00000238
 390  1566989656.43467498  1566989656.43467736  0.00000238
 391  1566989656.43467951  1566989656.43468213  0.00000262
 392  1566989656.43468428  1566989656.43468666  0.00000238
 393  1566989656.43468904  1566989656.43469143  0.00000238
 394  1566989656.43469357  1566989656.43469620  0.00000262
 395  1566989656.43469834  1566989656.43470073  0.00000238
 396  1566989656.43470311  1566989656.43470550  0.00000238
 397  1566989656.43470788  1566989656.43471026  0.00000238
 398  1566989656.43471241  1566989656.43471479  0.00000238
 399  1566989656.43471718  1566989656.43471956  0.00000238
 400  1566989656.43472171  1566989656.43472409  0.00000238
 401  1566989656.43472648  1566989656.43472910  0.00000262
 402  1566989656.43473125  1566989656.43473363  0.00000238
 403  1566989656.43473601  1566989656.43473840  0.00000238
 404  1566989656.43474054  1566989656.43474293  0.00000238
 405  1566989656.43474531  1566989656.43474770  0.00000238
 406  1566989656.43475008  1566989656.43475246  0.00000238
 407  1566989656.43475485  1566989656.43475723  0.00000238
 408  1566989656.43475938  1566989656.43476200  0.00000262
 409  1566989656.43476415  1566989656.43476653  0.00000238
 410  1566989656.43476892  1566989656.43477130  0.00000238
 411  1566989656.43477368  1566989656.43477607  0.00000238
 412  1566989656.43477821  1566989656.43478084  0.00000262
 413  1566989656.43478298  1566989656.43478560  0.00000262
 414  1566989656.43478775  1566989656.43479037  0.00000262
 415  1566989656.43479419  1566989656.43479657  0.00000238
 416  1566989656.43479896  1566989656.43481207  0.00001311
 417  1566989656.43481421  1566989656.43481684  0.00000262
 418  1566989656.43483043  1566989656.43483305  0.00000262
 419  1566989656.43483520  1566989656.43483782  0.00000262
 420  1566989656.43483996  1566989656.43484259  0.00000262
 421  1566989656.43484473  1566989656.43484712  0.00000238
 422  1566989656.43484950  1566989656.43485260  0.00000310
 423  1566989656.43485475  1566989656.43485713  0.00000238
 424  1566989656.43485951  1566989656.43486190  0.00000238
 425  1566989656.43486428  1566989656.43486667  0.00000238
 426  1566989656.43486905  1566989656.43487144  0.00000238
 427  1566989656.43487382  1566989656.43487620  0.00000238
 428  1566989656.43487835  1566989656.43488073  0.00000238
 429  1566989656.43488312  1566989656.43488574  0.00000262
 430  1566989656.43488812  1566989656.43489051  0.00000238
 431  1566989656.43489289  1566989656.43489528  0.00000238
 432  1566989656.43489742  1566989656.43490005  0.00000262
 433  1566989656.43490219  1566989656.43490481  0.00000262
 434  1566989656.43490720  1566989656.43490958  0.00000238
 435  1566989656.43491173  1566989656.43491435  0.00000262
 436  1566989656.43491650  1566989656.43491888  0.00000238
 437  1566989656.43492126  1566989656.43492365  0.00000238
 438  1566989656.43492579  1566989656.43492842  0.00000262
 439  1566989656.43493056  1566989656.43493295  0.00000238
 440  1566989656.43493533  1566989656.43493772  0.00000238
 441  1566989656.43494010  1566989656.43494248  0.00000238
 442  1566989656.43494487  1566989656.43494725  0.00000238
 443  1566989656.43494940  1566989656.43495202  0.00000262
 444  1566989656.43495417  1566989656.43495655  0.00000238
 445  1566989656.43495893  1566989656.43496132  0.00000238
 446  1566989656.43496370  1566989656.43496609  0.00000238
 447  1566989656.43496823  1566989656.43497086  0.00000262
 448  1566989656.43497300  1566989656.43497539  0.00000238
 449  1566989656.43497777  1566989656.43498039  0.00000262
 450  1566989656.43498254  1566989656.43498516  0.00000262
 451  1566989656.43498755  1566989656.43498993  0.00000238
 452  1566989656.43499207  1566989656.43499470  0.00000262
 453  1566989656.43499684  1566989656.43499923  0.00000238
 454  1566989656.43500161  1566989656.43500400  0.00000238
 455  1566989656.43500638  1566989656.43500876  0.00000238
 456  1566989656.43501091  1566989656.43501329  0.00000238
 457  1566989656.43501544  1566989656.43501806  0.00000262
 458  1566989656.43502021  1566989656.43502259  0.00000238
 459  1566989656.43502498  1566989656.43502736  0.00000238
 460  1566989656.43502975  1566989656.43503213  0.00000238
 461  1566989656.43503428  1566989656.43503690  0.00000262
 462  1566989656.43503904  1566989656.43504143  0.00000238
 463  1566989656.43504357  1566989656.43504620  0.00000262
 464  1566989656.43504834  1566989656.43505073  0.00000238
 465  1566989656.43505311  1566989656.43505549  0.00000238
 466  1566989656.43505788  1566989656.43506026  0.00000238
 467  1566989656.43506241  1566989656.43506479  0.00000238
 468  1566989656.43506718  1566989656.43506956  0.00000238
 469  1566989656.43507171  1566989656.43507433  0.00000262
 470  1566989656.43507648  1566989656.43507886  0.00000238
 471  1566989656.43508124  1566989656.43508363  0.00000238
 472  1566989656.43508577  1566989656.43508840  0.00000262
 473  1566989656.43509054  1566989656.43509316  0.00000262
 474  1566989656.43509531  1566989656.43509793  0.00000262
 475  1566989656.43510008  1566989656.43510270  0.00000262
 476  1566989656.43510485  1566989656.43510723  0.00000238
 477  1566989656.43510938  1566989656.43511200  0.00000262
 478  1566989656.43511415  1566989656.43511653  0.00000238
 479  1566989656.43511891  1566989656.43512130  0.00000238
 480  1566989656.43512368  1566989656.43512607  0.00000238
 481  1566989656.43512821  1566989656.43513107  0.00000286
 482  1566989656.43513322  1566989656.43513560  0.00000238
 483  1566989656.43513799  1566989656.43514037  0.00000238
 484  1566989656.43514490  1566989656.43514752  0.00000262
 485  1566989656.43514967  1566989656.43515229  0.00000262
 486  1566989656.43515444  1566989656.43515706  0.00000262
 487  1566989656.43515921  1566989656.43516183  0.00000262
 488  1566989656.43516397  1566989656.43516636  0.00000238
 489  1566989656.43516874  1566989656.43517113  0.00000238
 490  1566989656.43517327  1566989656.43517590  0.00000262
 491  1566989656.43517804  1566989656.43518090  0.00000286
 492  1566989656.43518305  1566989656.43518543  0.00000238
 493  1566989656.43518782  1566989656.43519020  0.00000238
 494  1566989656.43519258  1566989656.43519497  0.00000238
 495  1566989656.43519735  1566989656.43519974  0.00000238
 496  1566989656.43520188  1566989656.43520451  0.00000262
 497  1566989656.43520689  1566989656.43520927  0.00000238
 498  1566989656.43521142  1566989656.43521380  0.00000238
 499  1566989656.43521619  1566989656.43521857  0.00000238
 500  1566989656.43522096  1566989656.43522334  0.00000238
 501  1566989656.43522573  1566989656.43522811  0.00000238
 502  1566989656.43523049  1566989656.43523288  0.00000238
 503  1566989656.43523526  1566989656.43523765  0.00000238
 504  1566989656.43523979  1566989656.43524241  0.00000262
 505  1566989656.43524456  1566989656.43524718  0.00000262
 506  1566989656.43524933  1566989656.43525171  0.00000238
 507  1566989656.43525410  1566989656.43525648  0.00000238
 508  1566989656.43525887  1566989656.43526125  0.00000238
 509  1566989656.43526340  1566989656.43526602  0.00000262
 510  1566989656.43526816  1566989656.43527079  0.00000262
 511  1566989656.43527293  1566989656.43527555  0.00000262
 512  1566989656.43527770  1566989656.43528008  0.00000238
 513  1566989656.43528247  1566989656.43528485  0.00000238
 514  1566989656.43528724  1566989656.43528962  0.00000238
 515  1566989656.43529177  1566989656.43529415  0.00000238
 516  1566989656.43529654  1566989656.43529892  0.00000238
 517  1566989656.43530130  1566989656.43530369  0.00000238
 518  1566989656.43530583  1566989656.43530846  0.00000262
 519  1566989656.43531060  1566989656.43531299  0.00000238
 520  1566989656.43531537  1566989656.43531775  0.00000238
 521  1566989656.43531990  1566989656.43532228  0.00000238
 522  1566989656.43532467  1566989656.43532705  0.00000238
 523  1566989656.43532920  1566989656.43533206  0.00000286
 524  1566989656.43533444  1566989656.43533683  0.00000238
 525  1566989656.43533897  1566989656.43534160  0.00000262
 526  1566989656.43534374  1566989656.43534660  0.00000286
 527  1566989656.43534875  1566989656.43535137  0.00000262
 528  1566989656.43535352  1566989656.43535614  0.00000262
 529  1566989656.43535829  1566989656.43536091  0.00000262
 530  1566989656.43536305  1566989656.43536544  0.00000238
 531  1566989656.43536782  1566989656.43537021  0.00000238
 532  1566989656.43537235  1566989656.43537498  0.00000262
 533  1566989656.43537712  1566989656.43537951  0.00000238
 534  1566989656.43538189  1566989656.43538427  0.00000238
 535  1566989656.43538666  1566989656.43538904  0.00000238
 536  1566989656.43539119  1566989656.43539381  0.00000262
 537  1566989656.43539596  1566989656.43539834  0.00000238
 538  1566989656.43540072  1566989656.43540311  0.00000238
 539  1566989656.43540525  1566989656.43540764  0.00000238
 540  1566989656.43541002  1566989656.43541241  0.00000238
 541  1566989656.43541861  1566989656.43542123  0.00000262
 542  1566989656.43542337  1566989656.43543673  0.00001335
 543  1566989656.43543935  1566989656.43544197  0.00000262
 544  1566989656.43544459  1566989656.43544698  0.00000238
 545  1566989656.43544960  1566989656.43545222  0.00000262
 546  1566989656.43545485  1566989656.43545723  0.00000238
 547  1566989656.43545985  1566989656.43546224  0.00000238
 548  1566989656.43546486  1566989656.43546748  0.00000262
 549  1566989656.43546987  1566989656.43547249  0.00000262
 550  1566989656.43547511  1566989656.43547750  0.00000238
 551  1566989656.43548012  1566989656.43548274  0.00000262
 552  1566989656.43548536  1566989656.43548775  0.00000238
 553  1566989656.43549037  1566989656.43549299  0.00000262
 554  1566989656.43549848  1566989656.43550110  0.00000262
 555  1566989656.43550372  1566989656.43550611  0.00000238
 556  1566989656.43550873  1566989656.43551111  0.00000238
 557  1566989656.43551373  1566989656.43551636  0.00000262
 558  1566989656.43551874  1566989656.43552136  0.00000262
 559  1566989656.43552375  1566989656.43552637  0.00000262
 560  1566989656.43552899  1566989656.43553162  0.00000262
 561  1566989656.43553400  1566989656.43553662  0.00000262
 562  1566989656.43553925  1566989656.43554163  0.00000238
 563  1566989656.43554425  1566989656.43554688  0.00000262
 564  1566989656.43554950  1566989656.43555188  0.00000238
 565  1566989656.43555450  1566989656.43555713  0.00000262
 566  1566989656.43555975  1566989656.43556213  0.00000238
 567  1566989656.43556476  1566989656.43556714  0.00000238
 568  1566989656.43556976  1566989656.43557215  0.00000238
 569  1566989656.43557477  1566989656.43557739  0.00000262
 570  1566989656.43558002  1566989656.43558264  0.00000262
 571  1566989656.43558502  1566989656.43558764  0.00000262
 572  1566989656.43559027  1566989656.43559265  0.00000238
 573  1566989656.43559527  1566989656.43559790  0.00000262
 574  1566989656.43560028  1566989656.43560290  0.00000262
 575  1566989656.43560529  1566989656.43560791  0.00000262
 576  1566989656.43561029  1566989656.43561292  0.00000262
 577  1566989656.43561530  1566989656.43561792  0.00000262
 578  1566989656.43562055  1566989656.43562293  0.00000238
 579  1566989656.43562555  1566989656.43562818  0.00000262
 580  1566989656.43563080  1566989656.43563318  0.00000238
 581  1566989656.43563581  1566989656.43563843  0.00000262
 582  1566989656.43564081  1566989656.43564343  0.00000262
 583  1566989656.43564582  1566989656.43564844  0.00000262
 584  1566989656.43565106  1566989656.43565345  0.00000238
 585  1566989656.43565607  1566989656.43565869  0.00000262
 586  1566989656.43566108  1566989656.43566370  0.00000262
 587  1566989656.43566632  1566989656.43566871  0.00000238
 588  1566989656.43567133  1566989656.43567371  0.00000238
 589  1566989656.43567634  1566989656.43567896  0.00000262
 590  1566989656.43568134  1566989656.43568397  0.00000262
 591  1566989656.43568659  1566989656.43568897  0.00000238
 592  1566989656.43569160  1566989656.43569398  0.00000238
 593  1566989656.43569660  1566989656.43569922  0.00000262
 594  1566989656.43570185  1566989656.43570423  0.00000238
 595  1566989656.43571758  1566989656.43571997  0.00000238
 596  1566989656.43572235  1566989656.43572474  0.00000238
 597  1566989656.43572688  1566989656.43572950  0.00000262
 598  1566989656.43573165  1566989656.43573427  0.00000262
 599  1566989656.43573642  1566989656.43573880  0.00000238
 600  1566989656.43574119  1566989656.43574357  0.00000238
 601  1566989656.43574572  1566989656.43574834  0.00000262
 602  1566989656.43575072  1566989656.43575311  0.00000238
 603  1566989656.43575525  1566989656.43575788  0.00000262
 604  1566989656.43576002  1566989656.43576241  0.00000238
 605  1566989656.43576479  1566989656.43576717  0.00000238
 606  1566989656.43576932  1566989656.43577194  0.00000262
 607  1566989656.43577409  1566989656.43577647  0.00000238
 608  1566989656.43577886  1566989656.43578124  0.00000238
 609  1566989656.43578339  1566989656.43578601  0.00000262
 610  1566989656.43578815  1566989656.43579078  0.00000262
 611  1566989656.43579292  1566989656.43579531  0.00000238
 612  1566989656.43579769  1566989656.43580008  0.00000238
 613  1566989656.43580222  1566989656.43580461  0.00000238
 614  1566989656.43580699  1566989656.43580937  0.00000238
 615  1566989656.43581176  1566989656.43581414  0.00000238
 616  1566989656.43581653  1566989656.43581891  0.00000238
 617  1566989656.43582106  1566989656.43582368  0.00000262
 618  1566989656.43583632  1566989656.43583894  0.00000262
 619  1566989656.43584108  1566989656.43584347  0.00000238
 620  1566989656.43584561  1566989656.43584800  0.00000238
 621  1566989656.43585014  1566989656.43585253  0.00000238
 622  1566989656.43585467  1566989656.43585730  0.00000262
 623  1566989656.43586087  1566989656.43586326  0.00000238
 624  1566989656.43586540  1566989656.43587852  0.00001311
 625  1566989656.43588090  1566989656.43588352  0.00000262
 626  1566989656.43588567  1566989656.43588805  0.00000238
 627  1566989656.43589044  1566989656.43589282  0.00000238
 628  1566989656.43589520  1566989656.43589759  0.00000238
 629  1566989656.43589997  1566989656.43590236  0.00000238
 630  1566989656.43590450  1566989656.43590713  0.00000262
 631  1566989656.43590927  1566989656.43591166  0.00000238
 632  1566989656.43591404  1566989656.43591642  0.00000238
 633  1566989656.43591881  1566989656.43592119  0.00000238
 634  1566989656.43592358  1566989656.43592596  0.00000238
 635  1566989656.43592834  1566989656.43593073  0.00000238
 636  1566989656.43593311  1566989656.43593550  0.00000238
 637  1566989656.43593764  1566989656.43594027  0.00000262
 638  1566989656.43594241  1566989656.43594503  0.00000262
 639  1566989656.43594718  1566989656.43594956  0.00000238
 640  1566989656.43595195  1566989656.43595433  0.00000238
 641  1566989656.43595648  1566989656.43595910  0.00000262
 642  1566989656.43596125  1566989656.43596387  0.00000262
 643  1566989656.43596601  1566989656.43596864  0.00000262
 644  1566989656.43597078  1566989656.43597317  0.00000238
 645  1566989656.43597555  1566989656.43597794  0.00000238
 646  1566989656.43598008  1566989656.43598247  0.00000238
 647  1566989656.43598485  1566989656.43598723  0.00000238
 648  1566989656.43598962  1566989656.43599200  0.00000238
 649  1566989656.43599439  1566989656.43599677  0.00000238
 650  1566989656.43599892  1566989656.43600130  0.00000238
 651  1566989656.43600368  1566989656.43600607  0.00000238
 652  1566989656.43600821  1566989656.43601060  0.00000238
 653  1566989656.43601274  1566989656.43601537  0.00000262
 654  1566989656.43601751  1566989656.43601990  0.00000238
 655  1566989656.43602204  1566989656.43602467  0.00000262
 656  1566989656.43602681  1566989656.43602920  0.00000238
 657  1566989656.43603158  1566989656.43603396  0.00000238
 658  1566989656.43603611  1566989656.43603849  0.00000238
 659  1566989656.43604088  1566989656.43604326  0.00000238
 660  1566989656.43604541  1566989656.43604779  0.00000238
 661  1566989656.43604994  1566989656.43605256  0.00000262
 662  1566989656.43605471  1566989656.43605709  0.00000238
 663  1566989656.43605924  1566989656.43606186  0.00000262
 664  1566989656.43606400  1566989656.43606639  0.00000238
 665  1566989656.43606853  1566989656.43607092  0.00000238
 666  1566989656.43607330  1566989656.43607569  0.00000238
 667  1566989656.43607783  1566989656.43608046  0.00000262
 668  1566989656.43608260  1566989656.43608499  0.00000238
 669  1566989656.43608713  1566989656.43608952  0.00000238
 670  1566989656.43609190  1566989656.43609428  0.00000238
 671  1566989656.43609667  1566989656.43609905  0.00000238
 672  1566989656.43610120  1566989656.43610358  0.00000238
 673  1566989656.43610597  1566989656.43610835  0.00000238
 674  1566989656.43611050  1566989656.43611312  0.00000262
 675  1566989656.43611526  1566989656.43611765  0.00000238
 676  1566989656.43612003  1566989656.43612242  0.00000238
 677  1566989656.43612456  1566989656.43612719  0.00000262
 678  1566989656.43612933  1566989656.43613195  0.00000262
 679  1566989656.43613410  1566989656.43613672  0.00000262
 680  1566989656.43613887  1566989656.43614125  0.00000238
 681  1566989656.43614364  1566989656.43614602  0.00000238
 682  1566989656.43614817  1566989656.43615079  0.00000262
 683  1566989656.43615294  1566989656.43615532  0.00000238
 684  1566989656.43615770  1566989656.43616009  0.00000238
 685  1566989656.43616247  1566989656.43616509  0.00000262
 686  1566989656.43616748  1566989656.43616986  0.00000238
 687  1566989656.43617201  1566989656.43617439  0.00000238
 688  1566989656.43617678  1566989656.43617916  0.00000238
 689  1566989656.43618155  1566989656.43618393  0.00000238
 690  1566989656.43618608  1566989656.43618870  0.00000262
 691  1566989656.43619084  1566989656.43619323  0.00000238
 692  1566989656.43619561  1566989656.43619800  0.00000238
 693  1566989656.43620253  1566989656.43620515  0.00000262
 694  1566989656.43620729  1566989656.43620992  0.00000262
 695  1566989656.43621206  1566989656.43621469  0.00000262
 696  1566989656.43621683  1566989656.43621922  0.00000238
 697  1566989656.43622160  1566989656.43622398  0.00000238
 698  1566989656.43622613  1566989656.43622875  0.00000262
 699  1566989656.43623090  1566989656.43623328  0.00000238
 700  1566989656.43623567  1566989656.43623805  0.00000238
 701  1566989656.43624043  1566989656.43624282  0.00000238
 702  1566989656.43624520  1566989656.43624759  0.00000238
 703  1566989656.43624997  1566989656.43625236  0.00000238
 704  1566989656.43625450  1566989656.43625689  0.00000238
 705  1566989656.43625927  1566989656.43626189  0.00000262
 706  1566989656.43626404  1566989656.43626666  0.00000262
 707  1566989656.43626881  1566989656.43627119  0.00000238
 708  1566989656.43627357  1566989656.43627596  0.00000238
 709  1566989656.43627810  1566989656.43628073  0.00000262
 710  1566989656.43628287  1566989656.43628526  0.00000238
 711  1566989656.43628764  1566989656.43629003  0.00000238
 712  1566989656.43629241  1566989656.43629479  0.00000238
 713  1566989656.43629718  1566989656.43629956  0.00000238
 714  1566989656.43630171  1566989656.43630409  0.00000238
 715  1566989656.43630648  1566989656.43630886  0.00000238
 716  1566989656.43631124  1566989656.43631363  0.00000238
 717  1566989656.43631601  1566989656.43631840  0.00000238
 718  1566989656.43632054  1566989656.43632317  0.00000262
 719  1566989656.43632531  1566989656.43632793  0.00000262
 720  1566989656.43633008  1566989656.43633246  0.00000238
 721  1566989656.43633461  1566989656.43633723  0.00000262
 722  1566989656.43633938  1566989656.43634176  0.00000238
 723  1566989656.43634415  1566989656.43634653  0.00000238
 724  1566989656.43634868  1566989656.43635106  0.00000238
 725  1566989656.43635345  1566989656.43635583  0.00000238
 726  1566989656.43635798  1566989656.43636060  0.00000262
 727  1566989656.43636274  1566989656.43636513  0.00000238
 728  1566989656.43636751  1566989656.43636990  0.00000238
 729  1566989656.43637228  1566989656.43637466  0.00000238
 730  1566989656.43637681  1566989656.43637943  0.00000262
 731  1566989656.43638158  1566989656.43638396  0.00000238
 732  1566989656.43638635  1566989656.43638873  0.00000238
 733  1566989656.43639112  1566989656.43639350  0.00000238
 734  1566989656.43639565  1566989656.43639827  0.00000262
 735  1566989656.43640041  1566989656.43640280  0.00000238
 736  1566989656.43640518  1566989656.43640757  0.00000238
 737  1566989656.43640995  1566989656.43641281  0.00000286
 738  1566989656.43641496  1566989656.43641734  0.00000238
 739  1566989656.43641973  1566989656.43642211  0.00000238
 740  1566989656.43642449  1566989656.43642688  0.00000238
 741  1566989656.43642902  1566989656.43643141  0.00000238
 742  1566989656.43643379  1566989656.43643618  0.00000238
 743  1566989656.43643832  1566989656.43644094  0.00000262
 744  1566989656.43644309  1566989656.43644571  0.00000262
 745  1566989656.43644786  1566989656.43645024  0.00000238
 746  1566989656.43645263  1566989656.43645549  0.00000286
 747  1566989656.43645763  1566989656.43646026  0.00000262
 748  1566989656.43646240  1566989656.43646479  0.00000238
 749  1566989656.43646717  1566989656.43646955  0.00000238
 750  1566989656.43647194  1566989656.43647432  0.00000238
 751  1566989656.43647647  1566989656.43647885  0.00000238
 752  1566989656.43648124  1566989656.43648362  0.00000238
 753  1566989656.43648601  1566989656.43648839  0.00000238
 754  1566989656.43649054  1566989656.43649316  0.00000262
 755  1566989656.43649530  1566989656.43649769  0.00000238
 756  1566989656.43650007  1566989656.43650246  0.00000238
 757  1566989656.43650460  1566989656.43650723  0.00000262
 758  1566989656.43650937  1566989656.43651199  0.00000262
 759  1566989656.43651414  1566989656.43651652  0.00000238
 760  1566989656.43651891  1566989656.43652129  0.00000238
 761  1566989656.43653440  1566989656.43653703  0.00000262
 762  1566989656.43654060  1566989656.43654323  0.00000262
 763  1566989656.43654537  1566989656.43655849  0.00001311
 764  1566989656.43656087  1566989656.43656349  0.00000262
 765  1566989656.43656564  1566989656.43656802  0.00000238
 766  1566989656.43657041  1566989656.43657279  0.00000238
 767  1566989656.43657494  1566989656.43657756  0.00000262
 768  1566989656.43657970  1566989656.43658209  0.00000238
 769  1566989656.43658447  1566989656.43658686  0.00000238
 770  1566989656.43658924  1566989656.43659163  0.00000238
 771  1566989656.43659377  1566989656.43659639  0.00000262
 772  1566989656.43659854  1566989656.43660092  0.00000238
 773  1566989656.43660331  1566989656.43660569  0.00000238
 774  1566989656.43660808  1566989656.43661046  0.00000238
 775  1566989656.43661261  1566989656.43661523  0.00000262
 776  1566989656.43661737  1566989656.43662000  0.00000262
 777  1566989656.43662214  1566989656.43662453  0.00000238
 778  1566989656.43662691  1566989656.43662930  0.00000238
 779  1566989656.43663168  1566989656.43663406  0.00000238
 780  1566989656.43663621  1566989656.43663883  0.00000262
 781  1566989656.43664122  1566989656.43664360  0.00000238
 782  1566989656.43664598  1566989656.43664837  0.00000238
 783  1566989656.43665051  1566989656.43665290  0.00000238
 784  1566989656.43665528  1566989656.43665767  0.00000238
 785  1566989656.43666005  1566989656.43666244  0.00000238
 786  1566989656.43666458  1566989656.43666720  0.00000262
 787  1566989656.43666935  1566989656.43667197  0.00000262
 788  1566989656.43667412  1566989656.43667674  0.00000262
 789  1566989656.43667889  1566989656.43668151  0.00000262
 790  1566989656.43668365  1566989656.43668604  0.00000238
 791  1566989656.43668842  1566989656.43669081  0.00000238
 792  1566989656.43669295  1566989656.43669558  0.00000262
 793  1566989656.43669772  1566989656.43670011  0.00000238
 794  1566989656.43670249  1566989656.43670487  0.00000238
 795  1566989656.43670726  1566989656.43670964  0.00000238
 796  1566989656.43671179  1566989656.43671417  0.00000238
 797  1566989656.43671656  1566989656.43671894  0.00000238
 798  1566989656.43672132  1566989656.43672371  0.00000238
 799  1566989656.43672609  1566989656.43672872  0.00000262
 800  1566989656.43673086  1566989656.43673325  0.00000238
 801  1566989656.43673563  1566989656.43673801  0.00000238
 802  1566989656.43674040  1566989656.43674278  0.00000238
 803  1566989656.43674517  1566989656.43674755  0.00000238
 804  1566989656.43674970  1566989656.43675208  0.00000238
 805  1566989656.43675447  1566989656.43675685  0.00000238
 806  1566989656.43675900  1566989656.43676162  0.00000262
 807  1566989656.43676400  1566989656.43676639  0.00000238
 808  1566989656.43676853  1566989656.43677092  0.00000238
 809  1566989656.43677330  1566989656.43677568  0.00000238
 810  1566989656.43677783  1566989656.43678045  0.00000262
 811  1566989656.43678260  1566989656.43678522  0.00000262
 812  1566989656.43678737  1566989656.43678999  0.00000262
 813  1566989656.43679214  1566989656.43679452  0.00000238
 814  1566989656.43679690  1566989656.43679929  0.00000238
 815  1566989656.43680167  1566989656.43680406  0.00000238
 816  1566989656.43680620  1566989656.43680882  0.00000262
 817  1566989656.43681097  1566989656.43681335  0.00000238
 818  1566989656.43681574  1566989656.43681812  0.00000238
 819  1566989656.43682051  1566989656.43682289  0.00000238
 820  1566989656.43682504  1566989656.43682766  0.00000262
 821  1566989656.43682981  1566989656.43683243  0.00000262
 822  1566989656.43683457  1566989656.43683696  0.00000238
 823  1566989656.43683934  1566989656.43684173  0.00000238
 824  1566989656.43684411  1566989656.43684649  0.00000238
 825  1566989656.43684888  1566989656.43685126  0.00000238
 826  1566989656.43685341  1566989656.43685579  0.00000238
 827  1566989656.43685818  1566989656.43686056  0.00000238
 828  1566989656.43686295  1566989656.43686533  0.00000238
 829  1566989656.43686748  1566989656.43687010  0.00000262
 830  1566989656.43687224  1566989656.43687463  0.00000238
 831  1566989656.43688750  1566989656.43689013  0.00000262
 832  1566989656.43689370  1566989656.43689632  0.00000262
 833  1566989656.43690991  1566989656.43691254  0.00000262
 834  1566989656.43691492  1566989656.43691730  0.00000238
 835  1566989656.43691969  1566989656.43692207  0.00000238
 836  1566989656.43692422  1566989656.43692684  0.00000262
 837  1566989656.43692899  1566989656.43693137  0.00000238
 838  1566989656.43693376  1566989656.43693614  0.00000238
 839  1566989656.43693829  1566989656.43694091  0.00000262
 840  1566989656.43694305  1566989656.43694544  0.00000238
 841  1566989656.43694782  1566989656.43695021  0.00000238
 842  1566989656.43695235  1566989656.43695498  0.00000262
 843  1566989656.43695712  1566989656.43695974  0.00000262
 844  1566989656.43696189  1566989656.43696427  0.00000238
 845  1566989656.43696666  1566989656.43696904  0.00000238
 846  1566989656.43697119  1566989656.43697381  0.00000262
 847  1566989656.43697596  1566989656.43697834  0.00000238
 848  1566989656.43698072  1566989656.43698311  0.00000238
 849  1566989656.43698549  1566989656.43698788  0.00000238
 850  1566989656.43699002  1566989656.43699241  0.00000238
 851  1566989656.43699479  1566989656.43699718  0.00000238
 852  1566989656.43699956  1566989656.43700194  0.00000238
 853  1566989656.43700409  1566989656.43700671  0.00000262
 854  1566989656.43700886  1566989656.43701124  0.00000238
 855  1566989656.43701339  1566989656.43701601  0.00000262
 856  1566989656.43701816  1566989656.43702054  0.00000238
 857  1566989656.43702292  1566989656.43702531  0.00000238
 858  1566989656.43702745  1566989656.43702984  0.00000238
 859  1566989656.43703222  1566989656.43703461  0.00000238
 860  1566989656.43703675  1566989656.43703914  0.00000238
 861  1566989656.43704152  1566989656.43704391  0.00000238
 862  1566989656.43704605  1566989656.43704844  0.00000238
 863  1566989656.43705058  1566989656.43705320  0.00000262
 864  1566989656.43705535  1566989656.43705773  0.00000238
 865  1566989656.43705988  1566989656.43706250  0.00000262
 866  1566989656.43706465  1566989656.43706703  0.00000238
 867  1566989656.43706918  1566989656.43707156  0.00000238
 868  1566989656.43707395  1566989656.43707633  0.00000238
 869  1566989656.43707848  1566989656.43708086  0.00000238
 870  1566989656.43708324  1566989656.43708563  0.00000238
 871  1566989656.43708777  1566989656.43709040  0.00000262
 872  1566989656.43709254  1566989656.43709493  0.00000238
 873  1566989656.43709731  1566989656.43709970  0.00000238
 874  1566989656.43710184  1566989656.43710423  0.00000238
 875  1566989656.43710637  1566989656.43710899  0.00000262
 876  1566989656.43711114  1566989656.43711352  0.00000238
 877  1566989656.43711591  1566989656.43711829  0.00000238
 878  1566989656.43712044  1566989656.43712306  0.00000262
 879  1566989656.43712521  1566989656.43712759  0.00000238
 880  1566989656.43712997  1566989656.43713236  0.00000238
 881  1566989656.43713450  1566989656.43713713  0.00000262
 882  1566989656.43713927  1566989656.43714166  0.00000238
 883  1566989656.43714404  1566989656.43714643  0.00000238
 884  1566989656.43714857  1566989656.43715096  0.00000238
 885  1566989656.43715334  1566989656.43715596  0.00000262
 886  1566989656.43715811  1566989656.43716049  0.00000238
 887  1566989656.43716288  1566989656.43716526  0.00000238
 888  1566989656.43716741  1566989656.43717003  0.00000262
 889  1566989656.43717217  1566989656.43717456  0.00000238
 890  1566989656.43717694  1566989656.43717957  0.00000262
 891  1566989656.43718195  1566989656.43718433  0.00000238
 892  1566989656.43718648  1566989656.43718910  0.00000262
 893  1566989656.43719125  1566989656.43719363  0.00000238
 894  1566989656.43719602  1566989656.43719840  0.00000238
 895  1566989656.43720055  1566989656.43720317  0.00000262
 896  1566989656.43720531  1566989656.43720794  0.00000262
 897  1566989656.43721008  1566989656.43721247  0.00000238
 898  1566989656.43721485  1566989656.43721724  0.00000238
 899  1566989656.43721938  1566989656.43722200  0.00000262
 900  1566989656.43722415  1566989656.43722653  0.00000238
 901  1566989656.43723083  1566989656.43723345  0.00000262
 902  1566989656.43723583  1566989656.43723822  0.00000238
 903  1566989656.43724060  1566989656.43724298  0.00000238
 904  1566989656.43724513  1566989656.43724799  0.00000286
 905  1566989656.43725014  1566989656.43725276  0.00000262
 906  1566989656.43725491  1566989656.43725729  0.00000238
 907  1566989656.43725967  1566989656.43726206  0.00000238
 908  1566989656.43726420  1566989656.43726683  0.00000262
 909  1566989656.43726897  1566989656.43727136  0.00000238
 910  1566989656.43727374  1566989656.43727612  0.00000238
 911  1566989656.43727851  1566989656.43728089  0.00000238
 912  1566989656.43728328  1566989656.43728566  0.00000238
 913  1566989656.43728781  1566989656.43729043  0.00000262
 914  1566989656.43730426  1566989656.43730688  0.00000262
 915  1566989656.43730903  1566989656.43731165  0.00000262
 916  1566989656.43731380  1566989656.43731618  0.00000238
 917  1566989656.43731856  1566989656.43732119  0.00000262
 918  1566989656.43732357  1566989656.43732595  0.00000238
 919  1566989656.43732834  1566989656.43733072  0.00000238
 920  1566989656.43733311  1566989656.43733549  0.00000238
 921  1566989656.43733788  1566989656.43734026  0.00000238
 922  1566989656.43734264  1566989656.43734503  0.00000238
 923  1566989656.43734741  1566989656.43734980  0.00000238
 924  1566989656.43735218  1566989656.43735456  0.00000238
 925  1566989656.43735695  1566989656.43735933  0.00000238
 926  1566989656.43736172  1566989656.43736410  0.00000238
 927  1566989656.43736649  1566989656.43736887  0.00000238
 928  1566989656.43737125  1566989656.43737364  0.00000238
 929  1566989656.43737602  1566989656.43737864  0.00000262
 930  1566989656.43738079  1566989656.43738341  0.00000262
 931  1566989656.43738556  1566989656.43738818  0.00000262
 932  1566989656.43739033  1566989656.43739295  0.00000262
 933  1566989656.43739510  1566989656.43739772  0.00000262
 934  1566989656.43739986  1566989656.43740249  0.00000262
 935  1566989656.43740487  1566989656.43740726  0.00000238
 936  1566989656.43740964  1566989656.43741202  0.00000238
 937  1566989656.43741441  1566989656.43741679  0.00000238
 938  1566989656.43741918  1566989656.43742156  0.00000238
 939  1566989656.43742394  1566989656.43742633  0.00000238
 940  1566989656.43742871  1566989656.43743110  0.00000238
 941  1566989656.43743348  1566989656.43743587  0.00000238
 942  1566989656.43743825  1566989656.43744063  0.00000238
 943  1566989656.43744302  1566989656.43744540  0.00000238
 944  1566989656.43744779  1566989656.43745041  0.00000262
 945  1566989656.43745255  1566989656.43745518  0.00000262
 946  1566989656.43745732  1566989656.43745995  0.00000262
 947  1566989656.43746209  1566989656.43746471  0.00000262
 948  1566989656.43746710  1566989656.43746948  0.00000238
 949  1566989656.43747187  1566989656.43747425  0.00000238
 950  1566989656.43747663  1566989656.43747902  0.00000238
 951  1566989656.43748140  1566989656.43748379  0.00000238
 952  1566989656.43748617  1566989656.43748856  0.00000238
 953  1566989656.43749094  1566989656.43749332  0.00000238
 954  1566989656.43749571  1566989656.43749809  0.00000238
 955  1566989656.43750048  1566989656.43750286  0.00000238
 956  1566989656.43750525  1566989656.43750763  0.00000238
 957  1566989656.43751001  1566989656.43751240  0.00000238
 958  1566989656.43751478  1566989656.43751717  0.00000238
 959  1566989656.43751955  1566989656.43752193  0.00000238
 960  1566989656.43752432  1566989656.43752670  0.00000238
 961  1566989656.43752909  1566989656.43753171  0.00000262
 962  1566989656.43753409  1566989656.43753648  0.00000238
 963  1566989656.43753886  1566989656.43754125  0.00000238
 964  1566989656.43754363  1566989656.43754601  0.00000238
 965  1566989656.43754840  1566989656.43755126  0.00000286
 966  1566989656.43755341  1566989656.43755603  0.00000262
 967  1566989656.43755841  1566989656.43757415  0.00001574
 968  1566989656.43757653  1566989656.43757892  0.00000238
 969  1566989656.43758130  1566989656.43759346  0.00001216
 970  1566989656.43759727  1566989656.43759990  0.00000262
 971  1566989656.43760204  1566989656.43761611  0.00001407
 972  1566989656.43761826  1566989656.43762088  0.00000262
 973  1566989656.43762326  1566989656.43762565  0.00000238
 974  1566989656.43762779  1566989656.43763041  0.00000262
 975  1566989656.43763256  1566989656.43763494  0.00000238
 976  1566989656.43763733  1566989656.43763971  0.00000238
 977  1566989656.43764186  1566989656.43764448  0.00000262
 978  1566989656.43764663  1566989656.43764925  0.00000262
 979  1566989656.43765140  1566989656.43765378  0.00000238
 980  1566989656.43765616  1566989656.43765855  0.00000238
 981  1566989656.43766093  1566989656.43766332  0.00000238
 982  1566989656.43766570  1566989656.43766832  0.00000262
 983  1566989656.43767047  1566989656.43767285  0.00000238
 984  1566989656.43767524  1566989656.43767762  0.00000238
 985  1566989656.43767977  1566989656.43768239  0.00000262
 986  1566989656.43768454  1566989656.43768716  0.00000262
 987  1566989656.43768930  1566989656.43769193  0.00000262
 988  1566989656.43769431  1566989656.43769670  0.00000238
 989  1566989656.43769884  1566989656.43770146  0.00000262
 990  1566989656.43770361  1566989656.43770599  0.00000238
 991  1566989656.43770814  1566989656.43771076  0.00000262
 992  1566989656.43771291  1566989656.43771553  0.00000262
 993  1566989656.43771768  1566989656.43772030  0.00000262
 994  1566989656.43772268  1566989656.43772507  0.00000238
 995  1566989656.43772745  1566989656.43772984  0.00000238
 996  1566989656.43773222  1566989656.43773460  0.00000238
 997  1566989656.43773675  1566989656.43773913  0.00000238
 998  1566989656.43774152  1566989656.43774414  0.00000262
 999  1566989656.43774629  1566989656.43774867  0.00000238
1000  1566989656.43775105  1566989656.43775344  0.00000238
***************************************************

*** Avg round trip time = 2.649 microseconds
*** Avg one way latency = 1.324 microseconds
task 1 has started...
